#
# A fatal error has been detected by the Java Runtime Environment:
#
#  SIGSEGV (0xb) at pc=0x00007ff22d86d481, pid=274092, tid=274137
#
# JRE version: OpenJDK Runtime Environment (11.0.10) (build 11.0.10+0-b96-7249189)
# Java VM: OpenJDK 64-Bit Server VM (11.0.10+0-b96-7249189, mixed mode, tiered, compressed oops, g1 gc, linux-amd64)
# Problematic frame:
# V  [libjvm.so+0x754481]  InstanceKlass::clean_weak_instanceklass_links()+0xd1
#
# Core dump will be written. Default location: Core dumps may be processed with "/usr/lib/systemd/systemd-coredump %P %u %g %s %t %c %h" (or dumping to /home/limsean/Documents/Coding Projects/Android Workspace/TrainAdvisor/core.274092)
#
# If you would like to submit a bug report, please visit:
#   https://bugreport.java.com/bugreport/crash.jsp
#

---------------  S U M M A R Y ------------

Command Line: --add-opens=java.base/java.util=ALL-UNNAMED --add-opens=java.base/java.lang=ALL-UNNAMED --add-opens=java.base/java.lang.invoke=ALL-UNNAMED --add-opens=java.base/java.util=ALL-UNNAMED --add-opens=java.prefs/java.util.prefs=ALL-UNNAMED --add-opens=java.prefs/java.util.prefs=ALL-UNNAMED --add-opens=java.base/java.nio.charset=ALL-UNNAMED --add-opens=java.base/java.net=ALL-UNNAMED --add-opens=java.base/java.util.concurrent.atomic=ALL-UNNAMED -Xmx2048m -Dfile.encoding=UTF-8 -Duser.country=US -Duser.language=en -Duser.variant org.gradle.launcher.daemon.bootstrap.GradleDaemon 7.0.2

Host: Intel(R) Core(TM) i5-1035G1 CPU @ 1.00GHz, 8 cores, 7G, Fedora release 35 (Thirty Five)
Time: Sat Jan 22 12:59:39 2022 +08 elapsed time: 2386.361460 seconds (0d 0h 39m 46s)

---------------  T H R E A D  ---------------

Current thread (0x00007ff1f8001000):  GCTaskThread "GC Thread#1" [stack: 0x00007ff1de156000,0x00007ff1de256000] [id=274137]

Stack: [0x00007ff1de156000,0x00007ff1de256000],  sp=0x00007ff1de254ce0,  free space=1019k
Native frames: (J=compiled Java code, A=aot compiled Java code, j=interpreted, Vv=VM code, C=native code)
V  [libjvm.so+0x754481]  InstanceKlass::clean_weak_instanceklass_links()+0xd1
V  [libjvm.so+0x6a12ab]  G1KlassCleaningTask::work()+0x8b
V  [libjvm.so+0xc5e64d]  GangWorker::loop()+0x4d
V  [libjvm.so+0xbca448]  Thread::call_run()+0x68
V  [libjvm.so+0xa7d25e]  thread_native_entry(Thread*)+0x1be


siginfo: si_signo: 11 (SIGSEGV), si_code: 1 (SEGV_MAPERR), si_addr: 0x0000000000000010

Register to memory mapping:

RAX=0x00007ff176db6ff0 is pointing into metadata
RBX=0x0000000000000001 is an unknown value
RCX=0x0 is NULL
RDX=0x00000001004994a8 is a pointer to class: 
java.util.concurrent.locks.StampedLock$WNode {0x00000001004994a8}
RSP=0x00007ff1de254ce0 points into unknown readable memory: 0x00007ff1f8001000 | 00 10 00 f8 f1 7f 00 00
RBP=0x00007ff1de254d00 points into unknown readable memory: 0x00007ff1de254d40 | 40 4d 25 de f1 7f 00 00
RSI=0x00007ff1de254c60 points into unknown readable memory: 0x00007ff22e2fb380 | 80 b3 2f 2e f2 7f 00 00
RDI=0x0 is NULL
R8 =0x0000000000000001 is an unknown value
R9 =0x00007ff176abb290 is pointing into metadata
R10=0x0000000000000008 is an unknown value
R11=0x00007ff21d4e4788 is at entry_point+-280 in (nmethod*)0x00007ff21d4e4610
R12=0x00007ff1d40016a8 points into unknown readable memory: 0x0000000000007ff5 | f5 7f 00 00 00 00 00 00
R13=0x0 is NULL
R14=0x00000001004996b8 is a pointer to class: 
java.nio.file.FileSystemAlreadyExistsException {0x00000001004996b8}
R15=0x00000000000003d8 is an unknown value


Registers:
RAX=0x00007ff176db6ff0, RBX=0x0000000000000001, RCX=0x0000000000000000, RDX=0x00000001004994a8
RSP=0x00007ff1de254ce0, RBP=0x00007ff1de254d00, RSI=0x00007ff1de254c60, RDI=0x0000000000000000
R8 =0x0000000000000001, R9 =0x00007ff176abb290, R10=0x0000000000000008, R11=0x00007ff21d4e4788
R12=0x00007ff1d40016a8, R13=0x0000000000000000, R14=0x00000001004996b8, R15=0x00000000000003d8
RIP=0x00007ff22d86d481, EFLAGS=0x0000000000010297, CSGSFS=0x002b000000000033, ERR=0x0000000000000004
  TRAPNO=0x000000000000000e

Top of Stack: (sp=0x00007ff1de254ce0)
0x00007ff1de254ce0:   00007ff1f8001000 000000010049a618
0x00007ff1de254cf0:   00007ff200ef0380 00007ff1f80019d0
0x00007ff1de254d00:   00007ff1de254d40 00007ff22d7ba2ab
0x00007ff1de254d10:   00007ff1d40012c0 00007ff1d40012d0 

Instructions: (pc=0x00007ff22d86d481)
0x00007ff22d86d381:   48 89 e5 48 83 ec 10 48 81 c7 60 01 00 00 48 89
0x00007ff22d86d391:   7d f8 48 8d 7d f8 e8 c4 62 eb ff 48 83 c4 10 5d
0x00007ff22d86d3a1:   c3 66 2e 0f 1f 84 00 00 00 00 00 0f 1f 40 00 55
0x00007ff22d86d3b1:   48 89 e5 41 56 53 48 83 ec 10 49 89 fe f6 87 a5
0x00007ff22d86d3c1:   00 00 00 02 0f 84 88 00 00 00 48 8d 05 aa 13 aa
0x00007ff22d86d3d1:   00 80 38 00 74 7c 4c 89 f7 e8 11 71 1a 00 48 85
0x00007ff22d86d3e1:   c0 74 6f 49 63 8e c4 00 00 00 48 8d 04 c8 49 63
0x00007ff22d86d3f1:   8e 34 01 00 00 48 8d 04 c8 41 8b 8e 30 01 00 00
0x00007ff22d86d401:   48 8b 04 c8 48 85 c0 74 49 48 8b 80 98 00 00 00
0x00007ff22d86d411:   80 78 20 00 74 3c 41 f6 86 a5 00 00 00 02 74 32
0x00007ff22d86d421:   4c 89 f7 e8 c7 70 1a 00 48 85 c0 74 25 49 63 8e
0x00007ff22d86d431:   c4 00 00 00 48 8d 04 c8 49 63 8e 34 01 00 00 48
0x00007ff22d86d441:   8d 04 c8 41 8b 8e 30 01 00 00 48 c7 04 c8 00 00
0x00007ff22d86d451:   00 00 49 8b 86 98 01 00 00 83 38 00 7e 3b 31 db
0x00007ff22d86d461:   eb 19 66 2e 0f 1f 84 00 00 00 00 00 0f 1f 00 48
0x00007ff22d86d471:   83 c3 01 48 63 08 48 39 cb 7d 1e 48 8b 4c d8 08
0x00007ff22d86d481:   48 8b 79 10 48 85 ff 74 e6 31 f6 e8 ff dc 2d 00
0x00007ff22d86d491:   49 8b 86 98 01 00 00 eb d6 49 81 c6 60 01 00 00
0x00007ff22d86d4a1:   4c 89 75 e8 48 8d 7d e8 e8 e2 60 eb ff 48 83 c4
0x00007ff22d86d4b1:   10 5b 41 5e 5d c3 66 0f 1f 84 00 00 00 00 00 55
0x00007ff22d86d4c1:   48 89 e5 53 50 f6 87 a5 00 00 00 02 0f 84 85 00
0x00007ff22d86d4d1:   00 00 48 8d 05 a2 12 aa 00 80 38 00 74 79 48 89
0x00007ff22d86d4e1:   fb e8 09 70 1a 00 48 85 c0 74 6c 48 63 8b c4 00
0x00007ff22d86d4f1:   00 00 48 8d 04 c8 48 63 8b 34 01 00 00 48 8d 04
0x00007ff22d86d501:   c8 8b 8b 30 01 00 00 48 8b 04 c8 48 85 c0 74 47
0x00007ff22d86d511:   48 8b 80 98 00 00 00 80 78 20 00 74 3a f6 83 a5
0x00007ff22d86d521:   00 00 00 02 74 31 48 89 df e8 c1 6f 1a 00 48 85
0x00007ff22d86d531:   c0 74 24 48 63 8b c4 00 00 00 48 8d 04 c8 48 63
0x00007ff22d86d541:   8b 34 01 00 00 48 8d 04 c8 8b 8b 30 01 00 00 48
0x00007ff22d86d551:   c7 04 c8 00 00 00 00 48 83 c4 08 5b 5d c3 90 55
0x00007ff22d86d561:   48 89 e5 41 56 53 48 8b 87 98 01 00 00 83 38 00
0x00007ff22d86d571:   7e 37 49 89 fe 31 db eb 12 66 0f 1f 44 00 00 48 


Stack slot to memory mapping:
stack at sp + 0 slots: 0x00007ff1f8001000 points into unknown readable memory: 0x00007ff22e307268 | 68 72 30 2e f2 7f 00 00
stack at sp + 1 slots: 0x000000010049a618 is pointing into metadata
stack at sp + 2 slots: 0x00007ff200ef0380 points into unknown readable memory: 0x0000000000000000 | 00 00 00 00 00 00 00 00
stack at sp + 3 slots: 0x00007ff1f80019d0 points into unknown readable memory: 0x0000000000000002 | 02 00 00 00 00 00 00 00
stack at sp + 4 slots: 0x00007ff1de254d40 points into unknown readable memory: 0x00007ff1de254d80 | 80 4d 25 de f1 7f 00 00
stack at sp + 5 slots: 0x00007ff22d7ba2ab: <offset 0x00000000006a12ab> in /var/lib/snapd/snap/android-studio/115/android-studio/jre/lib/server/libjvm.so at 0x00007ff22d119000
stack at sp + 6 slots: 0x00007ff1d40012c0 points into unknown readable memory: 0x0000000000000000 | 00 00 00 00 00 00 00 00
stack at sp + 7 slots: 0x00007ff1d40012d0 points into unknown readable memory: 0x6f696e2e6176616a | 6a 61 76 61 2e 6e 69 6f


---------------  P R O C E S S  ---------------

Threads class SMR info:
_java_thread_list=0x00007ff118046900, length=51, elements={
0x00007ff228014800, 0x00007ff22815a800, 0x00007ff22815f000, 0x00007ff228174000,
0x00007ff228176000, 0x00007ff228178000, 0x00007ff22817a000, 0x00007ff22817c000,
0x00007ff228239800, 0x00007ff2293d6800, 0x00007ff229444000, 0x00007ff22946f800,
0x00007ff1a4180000, 0x00007ff1a4186000, 0x00007ff1a4208800, 0x00007ff1a462b800,
0x00007ff1a4639800, 0x00007ff1a47ec800, 0x00007ff1a4a4d000, 0x00007ff1a4a66000,
0x00007ff1a4b73800, 0x00007ff1a4f7a000, 0x00007ff1a46ed000, 0x00007ff1a46ef000,
0x00007ff1a46f0800, 0x00007ff1a45bb000, 0x00007ff1a45bc000, 0x00007ff1a5685000,
0x00007ff11406b800, 0x00007ff164025000, 0x00007ff1b0015000, 0x00007ff120009000,
0x00007ff120001800, 0x00007ff12000c800, 0x00007ff118011800, 0x00007ff118012800,
0x00007ff118013000, 0x00007ff11800c800, 0x00007ff11800d800, 0x00007ff11800e000,
0x00007ff11802a800, 0x00007ff11802c000, 0x00007ff11802c800, 0x00007ff11801a000,
0x00007ff11801b000, 0x00007ff11801c000, 0x00007ff11801d800, 0x00007ff118041800,
0x00007ff118042800, 0x00007ff118044000, 0x00007ff118045800
}

Java Threads: ( => current thread )
  0x00007ff228014800 JavaThread "main" [_thread_blocked, id=274097, stack(0x00007ff22cf3d000,0x00007ff22d03d000)]
  0x00007ff22815a800 JavaThread "Reference Handler" daemon [_thread_blocked, id=274108, stack(0x00007ff200cf0000,0x00007ff200df0000)]
  0x00007ff22815f000 JavaThread "Finalizer" daemon [_thread_blocked, id=274109, stack(0x00007ff200bf0000,0x00007ff200cf0000)]
  0x00007ff228174000 JavaThread "Signal Dispatcher" daemon [_thread_blocked, id=274110, stack(0x00007ff200af0000,0x00007ff200bf0000)]
  0x00007ff228176000 JavaThread "Service Thread" daemon [_thread_blocked, id=274111, stack(0x00007ff2009f0000,0x00007ff200af0000)]
  0x00007ff228178000 JavaThread "C2 CompilerThread0" daemon [_thread_blocked, id=274112, stack(0x00007ff2008f0000,0x00007ff2009f0000)]
  0x00007ff22817a000 JavaThread "C1 CompilerThread0" daemon [_thread_blocked, id=274113, stack(0x00007ff2007f0000,0x00007ff2008f0000)]
  0x00007ff22817c000 JavaThread "Sweeper thread" daemon [_thread_blocked, id=274114, stack(0x00007ff2006f0000,0x00007ff2007f0000)]
  0x00007ff228239800 JavaThread "Common-Cleaner" daemon [_thread_blocked, id=274115, stack(0x00007ff2005f0000,0x00007ff2006f0000)]
  0x00007ff2293d6800 JavaThread "Daemon health stats" [_thread_blocked, id=274141, stack(0x00007ff1dda49000,0x00007ff1ddb49000)]
  0x00007ff229444000 JavaThread "Incoming local TCP Connector on port 34997" [_thread_in_native, id=274143, stack(0x00007ff1dd546000,0x00007ff1dd646000)]
  0x00007ff22946f800 JavaThread "Daemon periodic checks" [_thread_blocked, id=274144, stack(0x00007ff1dd446000,0x00007ff1dd546000)]
  0x00007ff1a4180000 JavaThread "Cache worker for file hash cache (/home/limsean/.gradle/caches/7.0.2/fileHashes)" [_thread_blocked, id=274162, stack(0x00007ff1dc23a000,0x00007ff1dc33a000)]
  0x00007ff1a4186000 JavaThread "File lock request listener" [_thread_in_native, id=274163, stack(0x00007ff1dc13a000,0x00007ff1dc23a000)]
  0x00007ff1a4208800 JavaThread "Cache worker for journal cache (/home/limsean/.gradle/caches/journal-1)" [_thread_blocked, id=274167, stack(0x00007ff177d00000,0x00007ff177e00000)]
  0x00007ff1a462b800 JavaThread "File watcher server" daemon [_thread_in_native, id=274173, stack(0x00007ff177900000,0x00007ff177a00000)]
  0x00007ff1a4639800 JavaThread "File watcher consumer" daemon [_thread_blocked, id=274174, stack(0x00007ff177800000,0x00007ff177900000)]
  0x00007ff1a47ec800 JavaThread "Cache worker for execution history cache (/home/limsean/.gradle/caches/7.0.2/executionHistory)" [_thread_blocked, id=274179, stack(0x00007ff177000000,0x00007ff177100000)]
  0x00007ff1a4a4d000 JavaThread "jar transforms" [_thread_blocked, id=274210, stack(0x00007ff176900000,0x00007ff176a00000)]
  0x00007ff1a4a66000 JavaThread "jar transforms Thread 2" [_thread_blocked, id=274213, stack(0x00007ff176800000,0x00007ff176900000)]
  0x00007ff1a4b73800 JavaThread "Cache worker for file content cache (/home/limsean/.gradle/caches/7.0.2/fileContent)" [_thread_blocked, id=274219, stack(0x00007ff176700000,0x00007ff176800000)]
  0x00007ff1a4f7a000 JavaThread "jar transforms Thread 3" [_thread_blocked, id=274230, stack(0x00007ff175f00000,0x00007ff176000000)]
  0x00007ff1a46ed000 JavaThread "jar transforms Thread 4" [_thread_blocked, id=274296, stack(0x00007ff175100000,0x00007ff175200000)]
  0x00007ff1a46ef000 JavaThread "jar transforms Thread 5" [_thread_blocked, id=274297, stack(0x00007ff175000000,0x00007ff175100000)]
  0x00007ff1a46f0800 JavaThread "jar transforms Thread 6" [_thread_blocked, id=274298, stack(0x00007ff174f00000,0x00007ff175000000)]
  0x00007ff1a45bb000 JavaThread "jar transforms Thread 7" [_thread_blocked, id=274299, stack(0x00007ff174e00000,0x00007ff174f00000)]
  0x00007ff1a45bc000 JavaThread "jar transforms Thread 8" [_thread_blocked, id=274300, stack(0x00007ff174d00000,0x00007ff174e00000)]
  0x00007ff1a5685000 JavaThread "Memory manager" [_thread_blocked, id=274324, stack(0x00007ff174400000,0x00007ff174500000)]
  0x00007ff11406b800 JavaThread "Cache worker for Java compile cache (/home/limsean/.gradle/caches/7.0.2/javaCompile)" [_thread_blocked, id=274373, stack(0x00007ff102600000,0x00007ff102700000)]
  0x00007ff164025000 JavaThread "ForkJoinPool.commonPool-worker-13" daemon [_thread_blocked, id=281442, stack(0x00007ff101b00000,0x00007ff101c00000)]
  0x00007ff1b0015000 JavaThread "Daemon Thread 5" [_thread_blocked, id=291734, stack(0x00007ff0fb800000,0x00007ff0fb900000)]
  0x00007ff120009000 JavaThread "Handler for socket connection from /127.0.0.1:34997 to /127.0.0.1:34936" [_thread_in_native, id=291735, stack(0x00007ff1dcf46000,0x00007ff1dd046000)]
  0x00007ff120001800 JavaThread "Cancel handler" [_thread_blocked, id=291736, stack(0x00007ff175500000,0x00007ff175600000)]
  0x00007ff12000c800 JavaThread "Daemon worker Thread 5" [_thread_blocked, id=291738, stack(0x00007ff103000000,0x00007ff103100000)]
  0x00007ff118011800 JavaThread "Asynchronous log dispatcher for DefaultDaemonConnection: socket connection from /127.0.0.1:34997 to /127.0.0.1:34936" [_thread_blocked, id=291741, stack(0x00007ff0fba00000,0x00007ff0fbb00000)]
  0x00007ff118012800 JavaThread "Stdin handler" [_thread_blocked, id=291742, stack(0x00007ff101c00000,0x00007ff101d00000)]
  0x00007ff118013000 JavaThread "Daemon client event forwarder" [_thread_blocked, id=291743, stack(0x00007ff0fb900000,0x00007ff0fba00000)]
  0x00007ff11800c800 JavaThread "Cache worker for file hash cache (/home/limsean/Documents/Coding Projects/Android Workspace/TrainAdvisor/.gradle/7.0.2/fileHashes)" [_thread_blocked, id=291746, stack(0x00007ff0fbb00000,0x00007ff0fbc00000)]
  0x00007ff11800d800 JavaThread "Cache worker for checksums cache (/home/limsean/Documents/Coding Projects/Android Workspace/TrainAdvisor/.gradle/checksums)" [_thread_blocked, id=291750, stack(0x00007ff0fbe00000,0x00007ff0fbf00000)]
  0x00007ff11800e000 JavaThread "Cache worker for cache directory md-supplier (/home/limsean/.gradle/caches/7.0.2/md-supplier)" [_thread_blocked, id=291751, stack(0x00007ff0fbd00000,0x00007ff0fbe00000)]
  0x00007ff11802a800 JavaThread "Cache worker for cache directory md-rule (/home/limsean/.gradle/caches/7.0.2/md-rule)" [_thread_blocked, id=291752, stack(0x00007ff1000a1000,0x00007ff1001a1000)]
  0x00007ff11802c000 JavaThread "Cache worker for dependencies-accessors (/home/limsean/Documents/Coding Projects/Android Workspace/TrainAdvisor/.gradle/7.0.2/dependencies-accessors)" [_thread_blocked, id=291753, stack(0x00007ff175300000,0x00007ff175400000)]
  0x00007ff11802c800 JavaThread "Cache worker for Build Output Cleanup Cache (/home/limsean/Documents/Coding Projects/Android Workspace/TrainAdvisor/.gradle/buildOutputCleanup)" [_thread_blocked, id=291834, stack(0x00007ff175800000,0x00007ff175900000)]
  0x00007ff11801a000 JavaThread "Build operations" [_thread_blocked, id=291841, stack(0x00007ff101800000,0x00007ff101900000)]
  0x00007ff11801b000 JavaThread "Build operations Thread 2" [_thread_blocked, id=291842, stack(0x00007ff1dd346000,0x00007ff1dd446000)]
  0x00007ff11801c000 JavaThread "Build operations Thread 3" [_thread_blocked, id=291843, stack(0x00007ff1dcb46000,0x00007ff1dcc46000)]
  0x00007ff11801d800 JavaThread "Build operations Thread 4" [_thread_blocked, id=291844, stack(0x00007ff176400000,0x00007ff176500000)]
  0x00007ff118041800 JavaThread "Build operations Thread 5" [_thread_blocked, id=291845, stack(0x00007ff1dce46000,0x00007ff1dcf46000)]
  0x00007ff118042800 JavaThread "Build operations Thread 6" [_thread_blocked, id=291846, stack(0x00007ff101900000,0x00007ff101a00000)]
  0x00007ff118044000 JavaThread "Build operations Thread 7" [_thread_blocked, id=291847, stack(0x00007ff1dcd46000,0x00007ff1dce46000)]
  0x00007ff118045800 JavaThread "Build operations Thread 8" [_thread_blocked, id=291848, stack(0x00007ff101a00000,0x00007ff101b00000)]

Other Threads:
  0x00007ff228152000 VMThread "VM Thread" [stack: 0x00007ff200df2000,0x00007ff200ef2000] [id=274107]
  0x00007ff22823f000 WatcherThread [stack: 0x00007ff2004f0000,0x00007ff2005f0000] [id=274116]
  0x00007ff22802e800 GCTaskThread "GC Thread#0" [stack: 0x00007ff22c3d1000,0x00007ff22c4d1000] [id=274098]
=>0x00007ff1f8001000 GCTaskThread "GC Thread#1" [stack: 0x00007ff1de156000,0x00007ff1de256000] [id=274137]
  0x00007ff1f8004000 GCTaskThread "GC Thread#2" [stack: 0x00007ff1dca46000,0x00007ff1dcb46000] [id=274155]
  0x00007ff1f8005800 GCTaskThread "GC Thread#3" [stack: 0x00007ff1dc944000,0x00007ff1dca44000] [id=274156]
  0x00007ff1f8007000 GCTaskThread "GC Thread#4" [stack: 0x00007ff1dc842000,0x00007ff1dc942000] [id=274157]
  0x00007ff1f8008800 GCTaskThread "GC Thread#5" [stack: 0x00007ff1dc740000,0x00007ff1dc840000] [id=274158]
  0x00007ff1f800a000 GCTaskThread "GC Thread#6" [stack: 0x00007ff1dc63e000,0x00007ff1dc73e000] [id=274159]
  0x00007ff1f800b800 GCTaskThread "GC Thread#7" [stack: 0x00007ff1dc53c000,0x00007ff1dc63c000] [id=274160]
  0x00007ff228061000 ConcurrentGCThread "G1 Main Marker" [stack: 0x00007ff21432d000,0x00007ff21442d000] [id=274099]
  0x00007ff228063000 ConcurrentGCThread "G1 Conc#0" [stack: 0x00007ff21422b000,0x00007ff21432b000] [id=274100]
  0x00007ff204001000 ConcurrentGCThread "G1 Conc#1" [stack: 0x00007ff1dc03a000,0x00007ff1dc13a000] [id=274165]
  0x00007ff2280eb000 ConcurrentGCThread "G1 Refine#0" [stack: 0x00007ff2018fa000,0x00007ff2019fa000] [id=274101]
  0x00007ff2280ec800 ConcurrentGCThread "G1 Young RemSet Sampling" [stack: 0x00007ff2017f8000,0x00007ff2018f8000] [id=274102]

Threads with active compile tasks:
C2 CompilerThread02386365 17588       4       com.google.common.reflect.TypeResolver::resolveType (74 bytes)

VM state:at safepoint (normal execution)

VM Mutex/Monitor currently owned by a thread:  ([mutex/lock_event])
[0x00007ff228012d20] Threads_lock - owner thread: 0x00007ff228152000
[0x00007ff228013500] Heap_lock - owner thread: 0x00007ff228061000

Heap address: 0x0000000080000000, size: 2048 MB, Compressed Oops mode: 32-bit
Narrow klass base: 0x0000000000000000, Narrow klass shift: 3
Compressed class space size: 1073741824 Address: 0x0000000100000000

Heap:
 garbage-first heap   total 150528K, used 92003K [0x0000000080000000, 0x0000000100000000)
  region size 1024K, 7 young (7168K), 1 survivors (1024K)
 Metaspace       used 110387K, capacity 113552K, committed 113792K, reserved 1146880K
  class space    used 14199K, capacity 15361K, committed 15488K, reserved 1048576K
Heap Regions: E=young(eden), S=young(survivor), O=old, HS=humongous(starts), HC=humongous(continues), CS=collection set, F=free, A=archive, TAMS=top-at-mark-start (previous, next)
|   0|0x0000000080000000, 0x0000000080100000, 0x0000000080100000|100%| O|  |TAMS 0x0000000080100000, 0x0000000080100000| Untracked 
|   1|0x0000000080100000, 0x0000000080200000, 0x0000000080200000|100%| O|  |TAMS 0x0000000080200000, 0x0000000080200000| Untracked 
|   2|0x0000000080200000, 0x0000000080300000, 0x0000000080300000|100%| O|  |TAMS 0x0000000080300000, 0x0000000080300000| Untracked 
|   3|0x0000000080300000, 0x0000000080400000, 0x0000000080400000|100%|HS|  |TAMS 0x0000000080400000, 0x0000000080400000| Complete 
|   4|0x0000000080400000, 0x0000000080500000, 0x0000000080500000|100%|HC|  |TAMS 0x0000000080500000, 0x0000000080500000| Complete 
|   5|0x0000000080500000, 0x0000000080600000, 0x0000000080600000|100%|HC|  |TAMS 0x0000000080600000, 0x0000000080600000| Complete 
|   6|0x0000000080600000, 0x0000000080700000, 0x0000000080700000|100%| O|  |TAMS 0x0000000080700000, 0x0000000080700000| Untracked 
|   7|0x0000000080700000, 0x0000000080800000, 0x0000000080800000|100%| O|  |TAMS 0x0000000080800000, 0x0000000080800000| Untracked 
|   8|0x0000000080800000, 0x0000000080900000, 0x0000000080900000|100%| O|  |TAMS 0x0000000080900000, 0x0000000080900000| Untracked 
|   9|0x0000000080900000, 0x0000000080a00000, 0x0000000080a00000|100%| O|  |TAMS 0x0000000080a00000, 0x0000000080a00000| Untracked 
|  10|0x0000000080a00000, 0x0000000080b00000, 0x0000000080b00000|100%| O|  |TAMS 0x0000000080b00000, 0x0000000080b00000| Untracked 
|  11|0x0000000080b00000, 0x0000000080c00000, 0x0000000080c00000|100%| O|  |TAMS 0x0000000080c00000, 0x0000000080c00000| Untracked 
|  12|0x0000000080c00000, 0x0000000080d00000, 0x0000000080d00000|100%| O|  |TAMS 0x0000000080d00000, 0x0000000080d00000| Untracked 
|  13|0x0000000080d00000, 0x0000000080e00000, 0x0000000080e00000|100%| O|  |TAMS 0x0000000080e00000, 0x0000000080e00000| Untracked 
|  14|0x0000000080e00000, 0x0000000080f00000, 0x0000000080f00000|100%| O|  |TAMS 0x0000000080f00000, 0x0000000080f00000| Untracked 
|  15|0x0000000080f00000, 0x0000000081000000, 0x0000000081000000|100%| O|  |TAMS 0x0000000081000000, 0x0000000081000000| Untracked 
|  16|0x0000000081000000, 0x0000000081100000, 0x0000000081100000|100%|HS|  |TAMS 0x0000000081100000, 0x0000000081100000| Complete 
|  17|0x0000000081100000, 0x0000000081200000, 0x0000000081200000|100%| O|  |TAMS 0x0000000081200000, 0x0000000081200000| Untracked 
|  18|0x0000000081200000, 0x0000000081300000, 0x0000000081300000|100%| O|  |TAMS 0x0000000081300000, 0x0000000081300000| Untracked 
|  19|0x0000000081300000, 0x0000000081400000, 0x0000000081400000|100%| O|  |TAMS 0x0000000081400000, 0x0000000081400000| Untracked 
|  20|0x0000000081400000, 0x0000000081500000, 0x0000000081500000|100%| O|  |TAMS 0x0000000081500000, 0x0000000081500000| Untracked 
|  21|0x0000000081500000, 0x0000000081600000, 0x0000000081600000|100%| O|  |TAMS 0x0000000081600000, 0x0000000081600000| Untracked 
|  22|0x0000000081600000, 0x0000000081700000, 0x0000000081700000|100%| O|  |TAMS 0x0000000081700000, 0x0000000081700000| Untracked 
|  23|0x0000000081700000, 0x0000000081800000, 0x0000000081800000|100%|HS|  |TAMS 0x0000000081800000, 0x0000000081800000| Complete 
|  24|0x0000000081800000, 0x0000000081900000, 0x0000000081900000|100%|HS|  |TAMS 0x0000000081900000, 0x0000000081900000| Complete 
|  25|0x0000000081900000, 0x0000000081a00000, 0x0000000081a00000|100%|HC|  |TAMS 0x0000000081a00000, 0x0000000081a00000| Complete 
|  26|0x0000000081a00000, 0x0000000081b00000, 0x0000000081b00000|100%| O|  |TAMS 0x0000000081b00000, 0x0000000081b00000| Untracked 
|  27|0x0000000081b00000, 0x0000000081c00000, 0x0000000081c00000|100%| O|  |TAMS 0x0000000081c00000, 0x0000000081c00000| Untracked 
|  28|0x0000000081c00000, 0x0000000081d00000, 0x0000000081d00000|100%| O|  |TAMS 0x0000000081d00000, 0x0000000081d00000| Untracked 
|  29|0x0000000081d00000, 0x0000000081e00000, 0x0000000081e00000|100%| O|  |TAMS 0x0000000081e00000, 0x0000000081e00000| Untracked 
|  30|0x0000000081e00000, 0x0000000081f00000, 0x0000000081f00000|100%| O|  |TAMS 0x0000000081f00000, 0x0000000081f00000| Untracked 
|  31|0x0000000081f00000, 0x0000000082000000, 0x0000000082000000|100%| O|  |TAMS 0x0000000082000000, 0x0000000082000000| Untracked 
|  32|0x0000000082000000, 0x0000000082100000, 0x0000000082100000|100%| O|  |TAMS 0x0000000082100000, 0x0000000082100000| Untracked 
|  33|0x0000000082100000, 0x0000000082200000, 0x0000000082200000|100%| O|  |TAMS 0x0000000082200000, 0x0000000082200000| Untracked 
|  34|0x0000000082200000, 0x0000000082300000, 0x0000000082300000|100%| O|  |TAMS 0x0000000082300000, 0x0000000082300000| Untracked 
|  35|0x0000000082300000, 0x0000000082400000, 0x0000000082400000|100%| O|  |TAMS 0x0000000082400000, 0x0000000082400000| Untracked 
|  36|0x0000000082400000, 0x0000000082500000, 0x0000000082500000|100%| O|  |TAMS 0x0000000082500000, 0x0000000082500000| Untracked 
|  37|0x0000000082500000, 0x0000000082600000, 0x0000000082600000|100%| O|  |TAMS 0x0000000082600000, 0x0000000082600000| Untracked 
|  38|0x0000000082600000, 0x0000000082700000, 0x0000000082700000|100%| O|  |TAMS 0x0000000082700000, 0x0000000082700000| Untracked 
|  39|0x0000000082700000, 0x0000000082800000, 0x0000000082800000|100%| O|  |TAMS 0x0000000082800000, 0x0000000082800000| Untracked 
|  40|0x0000000082800000, 0x0000000082900000, 0x0000000082900000|100%| O|  |TAMS 0x0000000082900000, 0x0000000082900000| Untracked 
|  41|0x0000000082900000, 0x0000000082a00000, 0x0000000082a00000|100%| O|  |TAMS 0x0000000082a00000, 0x0000000082a00000| Untracked 
|  42|0x0000000082a00000, 0x0000000082b00000, 0x0000000082b00000|100%| O|  |TAMS 0x0000000082b00000, 0x0000000082b00000| Untracked 
|  43|0x0000000082b00000, 0x0000000082c00000, 0x0000000082c00000|100%| O|  |TAMS 0x0000000082c00000, 0x0000000082c00000| Untracked 
|  44|0x0000000082c00000, 0x0000000082d00000, 0x0000000082d00000|100%| O|  |TAMS 0x0000000082d00000, 0x0000000082d00000| Untracked 
|  45|0x0000000082d00000, 0x0000000082e00000, 0x0000000082e00000|100%| O|  |TAMS 0x0000000082e00000, 0x0000000082e00000| Untracked 
|  46|0x0000000082e00000, 0x0000000082f00000, 0x0000000082f00000|100%| O|  |TAMS 0x0000000082f00000, 0x0000000082f00000| Untracked 
|  47|0x0000000082f00000, 0x0000000083000000, 0x0000000083000000|100%| O|  |TAMS 0x0000000083000000, 0x0000000083000000| Untracked 
|  48|0x0000000083000000, 0x0000000083100000, 0x0000000083100000|100%| O|  |TAMS 0x0000000083100000, 0x0000000083100000| Untracked 
|  49|0x0000000083100000, 0x0000000083200000, 0x0000000083200000|100%| O|  |TAMS 0x0000000083200000, 0x0000000083200000| Untracked 
|  50|0x0000000083200000, 0x0000000083300000, 0x0000000083300000|100%| O|  |TAMS 0x0000000083300000, 0x0000000083300000| Untracked 
|  51|0x0000000083300000, 0x0000000083400000, 0x0000000083400000|100%| O|  |TAMS 0x0000000083400000, 0x0000000083400000| Untracked 
|  52|0x0000000083400000, 0x0000000083500000, 0x0000000083500000|100%| O|  |TAMS 0x0000000083400000, 0x000000008345b600| Untracked 
|  53|0x0000000083500000, 0x0000000083600000, 0x0000000083600000|100%| O|  |TAMS 0x0000000083600000, 0x0000000083600000| Untracked 
|  54|0x0000000083600000, 0x0000000083700000, 0x0000000083700000|100%| O|  |TAMS 0x0000000083700000, 0x0000000083700000| Untracked 
|  55|0x0000000083700000, 0x000000008376b000, 0x0000000083800000| 41%| O|  |TAMS 0x0000000083700000, 0x0000000083700000| Untracked 
|  56|0x0000000083800000, 0x0000000083900000, 0x0000000083900000|100%| O|  |TAMS 0x0000000083800000, 0x0000000083900000| Untracked 
|  57|0x0000000083900000, 0x0000000083a00000, 0x0000000083a00000|100%| O|  |TAMS 0x0000000083a00000, 0x0000000083a00000| Untracked 
|  58|0x0000000083a00000, 0x0000000083b00000, 0x0000000083b00000|100%| O|  |TAMS 0x0000000083b00000, 0x0000000083b00000| Untracked 
|  59|0x0000000083b00000, 0x0000000083c00000, 0x0000000083c00000|100%| O|  |TAMS 0x0000000083c00000, 0x0000000083c00000| Untracked 
|  60|0x0000000083c00000, 0x0000000083d00000, 0x0000000083d00000|100%| O|  |TAMS 0x0000000083d00000, 0x0000000083d00000| Untracked 
|  61|0x0000000083d00000, 0x0000000083e00000, 0x0000000083e00000|100%| O|  |TAMS 0x0000000083e00000, 0x0000000083e00000| Untracked 
|  62|0x0000000083e00000, 0x0000000083f00000, 0x0000000083f00000|100%| O|  |TAMS 0x0000000083f00000, 0x0000000083f00000| Untracked 
|  63|0x0000000083f00000, 0x0000000084000000, 0x0000000084000000|100%| O|  |TAMS 0x0000000084000000, 0x0000000084000000| Untracked 
|  64|0x0000000084000000, 0x0000000084100000, 0x0000000084100000|100%| O|  |TAMS 0x0000000084100000, 0x0000000084100000| Untracked 
|  65|0x0000000084100000, 0x0000000084200000, 0x0000000084200000|100%| O|  |TAMS 0x0000000084200000, 0x0000000084200000| Untracked 
|  66|0x0000000084200000, 0x0000000084300000, 0x0000000084300000|100%| O|  |TAMS 0x0000000084300000, 0x0000000084300000| Untracked 
|  67|0x0000000084300000, 0x0000000084400000, 0x0000000084400000|100%| O|  |TAMS 0x0000000084400000, 0x0000000084400000| Untracked 
|  68|0x0000000084400000, 0x0000000084500000, 0x0000000084500000|100%| O|  |TAMS 0x0000000084500000, 0x0000000084500000| Untracked 
|  69|0x0000000084500000, 0x0000000084600000, 0x0000000084600000|100%| O|  |TAMS 0x0000000084535400, 0x0000000084600000| Untracked 
|  70|0x0000000084600000, 0x0000000084600000, 0x0000000084700000|  0%| F|  |TAMS 0x0000000084600000, 0x0000000084600000| Untracked 
|  71|0x0000000084700000, 0x0000000084700000, 0x0000000084800000|  0%| F|  |TAMS 0x0000000084700000, 0x0000000084700000| Untracked 
|  72|0x0000000084800000, 0x0000000084800000, 0x0000000084900000|  0%| F|  |TAMS 0x0000000084800000, 0x0000000084800000| Untracked 
|  73|0x0000000084900000, 0x0000000084a00000, 0x0000000084a00000|100%| O|  |TAMS 0x0000000084a00000, 0x0000000084a00000| Untracked 
|  74|0x0000000084a00000, 0x0000000084a00000, 0x0000000084b00000|  0%| F|  |TAMS 0x0000000084a00000, 0x0000000084a00000| Untracked 
|  75|0x0000000084b00000, 0x0000000084b00000, 0x0000000084c00000|  0%| F|  |TAMS 0x0000000084b00000, 0x0000000084b00000| Untracked 
|  76|0x0000000084c00000, 0x0000000084c00000, 0x0000000084d00000|  0%| F|  |TAMS 0x0000000084c00000, 0x0000000084c00000| Untracked 
|  77|0x0000000084d00000, 0x0000000084e00000, 0x0000000084e00000|100%| O|  |TAMS 0x0000000084e00000, 0x0000000084e00000| Untracked 
|  78|0x0000000084e00000, 0x0000000084f00000, 0x0000000084f00000|100%| O|  |TAMS 0x0000000084f00000, 0x0000000084f00000| Untracked 
|  79|0x0000000084f00000, 0x0000000085000000, 0x0000000085000000|100%| O|  |TAMS 0x0000000085000000, 0x0000000085000000| Untracked 
|  80|0x0000000085000000, 0x0000000085100000, 0x0000000085100000|100%| O|  |TAMS 0x0000000085100000, 0x0000000085100000| Untracked 
|  81|0x0000000085100000, 0x0000000085200000, 0x0000000085200000|100%| O|  |TAMS 0x0000000085200000, 0x0000000085200000| Untracked 
|  82|0x0000000085200000, 0x0000000085300000, 0x0000000085300000|100%| O|  |TAMS 0x0000000085300000, 0x0000000085300000| Untracked 
|  83|0x0000000085300000, 0x0000000085400000, 0x0000000085400000|100%|HS|  |TAMS 0x0000000085400000, 0x0000000085400000| Complete 
|  84|0x0000000085400000, 0x0000000085500000, 0x0000000085500000|100%|HC|  |TAMS 0x0000000085500000, 0x0000000085500000| Complete 
|  85|0x0000000085500000, 0x0000000085600000, 0x0000000085600000|100%| O|  |TAMS 0x0000000085600000, 0x0000000085600000| Untracked 
|  86|0x0000000085600000, 0x0000000085700000, 0x0000000085700000|100%| O|  |TAMS 0x0000000085700000, 0x0000000085700000| Untracked 
|  87|0x0000000085700000, 0x0000000085800000, 0x0000000085800000|100%| O|  |TAMS 0x0000000085800000, 0x0000000085800000| Untracked 
|  88|0x0000000085800000, 0x0000000085800000, 0x0000000085900000|  0%| F|  |TAMS 0x0000000085800000, 0x0000000085800000| Untracked 
|  89|0x0000000085900000, 0x0000000085900000, 0x0000000085a00000|  0%| F|  |TAMS 0x0000000085900000, 0x0000000085900000| Untracked 
|  90|0x0000000085a00000, 0x0000000085a00000, 0x0000000085b00000|  0%| F|  |TAMS 0x0000000085a00000, 0x0000000085a00000| Untracked 
|  91|0x0000000085b00000, 0x0000000085b00000, 0x0000000085c00000|  0%| F|  |TAMS 0x0000000085b00000, 0x0000000085b00000| Untracked 
|  92|0x0000000085c00000, 0x0000000085c00000, 0x0000000085d00000|  0%| F|  |TAMS 0x0000000085c00000, 0x0000000085c00000| Untracked 
|  93|0x0000000085d00000, 0x0000000085d00000, 0x0000000085e00000|  0%| F|  |TAMS 0x0000000085d00000, 0x0000000085d00000| Untracked 
|  94|0x0000000085e00000, 0x0000000085f00000, 0x0000000085f00000|100%| O|  |TAMS 0x0000000085f00000, 0x0000000085f00000| Untracked 
|  95|0x0000000085f00000, 0x0000000085f00000, 0x0000000086000000|  0%| F|  |TAMS 0x0000000085f00000, 0x0000000085f00000| Untracked 
|  96|0x0000000086000000, 0x0000000086000000, 0x0000000086100000|  0%| F|  |TAMS 0x0000000086000000, 0x0000000086000000| Untracked 
|  97|0x0000000086100000, 0x0000000086200000, 0x0000000086200000|100%| O|  |TAMS 0x0000000086200000, 0x0000000086200000| Untracked 
|  98|0x0000000086200000, 0x0000000086200000, 0x0000000086300000|  0%| F|  |TAMS 0x0000000086200000, 0x0000000086200000| Untracked 
|  99|0x0000000086300000, 0x0000000086300000, 0x0000000086400000|  0%| F|  |TAMS 0x0000000086300000, 0x0000000086300000| Untracked 
| 100|0x0000000086400000, 0x0000000086400000, 0x0000000086500000|  0%| F|  |TAMS 0x0000000086400000, 0x0000000086400000| Untracked 
| 101|0x0000000086500000, 0x0000000086500000, 0x0000000086600000|  0%| F|  |TAMS 0x0000000086500000, 0x0000000086500000| Untracked 
| 102|0x0000000086600000, 0x0000000086700000, 0x0000000086700000|100%| O|  |TAMS 0x0000000086700000, 0x0000000086700000| Untracked 
| 103|0x0000000086700000, 0x0000000086700000, 0x0000000086800000|  0%| F|  |TAMS 0x0000000086700000, 0x0000000086700000| Untracked 
| 104|0x0000000086800000, 0x0000000086800000, 0x0000000086900000|  0%| F|  |TAMS 0x0000000086800000, 0x0000000086800000| Untracked 
| 105|0x0000000086900000, 0x0000000086900000, 0x0000000086a00000|  0%| F|  |TAMS 0x0000000086900000, 0x0000000086900000| Untracked 
| 106|0x0000000086a00000, 0x0000000086a00000, 0x0000000086b00000|  0%| F|  |TAMS 0x0000000086a00000, 0x0000000086a00000| Untracked 
| 107|0x0000000086b00000, 0x0000000086b00000, 0x0000000086c00000|  0%| F|  |TAMS 0x0000000086b00000, 0x0000000086b00000| Untracked 
| 108|0x0000000086c00000, 0x0000000086c00000, 0x0000000086d00000|  0%| F|  |TAMS 0x0000000086c00000, 0x0000000086c00000| Untracked 
| 109|0x0000000086d00000, 0x0000000086d00000, 0x0000000086e00000|  0%| F|  |TAMS 0x0000000086d00000, 0x0000000086d00000| Untracked 
| 110|0x0000000086e00000, 0x0000000086e00000, 0x0000000086f00000|  0%| F|  |TAMS 0x0000000086e00000, 0x0000000086e00000| Untracked 
| 111|0x0000000086f00000, 0x0000000086f00000, 0x0000000087000000|  0%| F|  |TAMS 0x0000000086f00000, 0x0000000086f00000| Untracked 
| 112|0x0000000087000000, 0x0000000087000000, 0x0000000087100000|  0%| F|  |TAMS 0x0000000087000000, 0x0000000087000000| Untracked 
| 113|0x0000000087100000, 0x0000000087100000, 0x0000000087200000|  0%| F|  |TAMS 0x0000000087100000, 0x0000000087100000| Untracked 
| 114|0x0000000087200000, 0x0000000087200000, 0x0000000087300000|  0%| F|  |TAMS 0x0000000087200000, 0x0000000087200000| Untracked 
| 115|0x0000000087300000, 0x0000000087300000, 0x0000000087400000|  0%| F|  |TAMS 0x0000000087300000, 0x0000000087300000| Untracked 
| 116|0x0000000087400000, 0x0000000087400000, 0x0000000087500000|  0%| F|  |TAMS 0x0000000087400000, 0x0000000087400000| Untracked 
| 117|0x0000000087500000, 0x0000000087500000, 0x0000000087600000|  0%| F|  |TAMS 0x0000000087500000, 0x0000000087500000| Untracked 
| 118|0x0000000087600000, 0x0000000087600000, 0x0000000087700000|  0%| F|  |TAMS 0x0000000087600000, 0x0000000087600000| Untracked 
| 119|0x0000000087700000, 0x0000000087700000, 0x0000000087800000|  0%| F|  |TAMS 0x0000000087700000, 0x0000000087700000| Untracked 
| 120|0x0000000087800000, 0x0000000087800000, 0x0000000087900000|  0%| F|  |TAMS 0x0000000087800000, 0x0000000087800000| Untracked 
| 121|0x0000000087900000, 0x0000000087900000, 0x0000000087a00000|  0%| F|  |TAMS 0x0000000087900000, 0x0000000087900000| Untracked 
| 122|0x0000000087a00000, 0x0000000087a00000, 0x0000000087b00000|  0%| F|  |TAMS 0x0000000087a00000, 0x0000000087a00000| Untracked 
| 123|0x0000000087b00000, 0x0000000087b00000, 0x0000000087c00000|  0%| F|  |TAMS 0x0000000087b00000, 0x0000000087b00000| Untracked 
| 124|0x0000000087c00000, 0x0000000087c00000, 0x0000000087d00000|  0%| F|  |TAMS 0x0000000087c00000, 0x0000000087c00000| Untracked 
| 125|0x0000000087d00000, 0x0000000087d00000, 0x0000000087e00000|  0%| F|  |TAMS 0x0000000087d00000, 0x0000000087d00000| Untracked 
| 126|0x0000000087e00000, 0x0000000087e00000, 0x0000000087f00000|  0%| F|  |TAMS 0x0000000087e00000, 0x0000000087e00000| Untracked 
| 127|0x0000000087f00000, 0x0000000087f00000, 0x0000000088000000|  0%| F|  |TAMS 0x0000000087f00000, 0x0000000087f00000| Untracked 
| 128|0x0000000088000000, 0x0000000088000000, 0x0000000088100000|  0%| F|  |TAMS 0x0000000088000000, 0x0000000088000000| Untracked 
| 129|0x0000000088100000, 0x0000000088100000, 0x0000000088200000|  0%| F|  |TAMS 0x0000000088100000, 0x0000000088100000| Untracked 
| 130|0x0000000088200000, 0x0000000088200000, 0x0000000088300000|  0%| F|  |TAMS 0x0000000088200000, 0x0000000088200000| Untracked 
| 131|0x0000000088300000, 0x0000000088300000, 0x0000000088400000|  0%| F|  |TAMS 0x0000000088300000, 0x0000000088300000| Untracked 
| 132|0x0000000088400000, 0x0000000088400000, 0x0000000088500000|  0%| F|  |TAMS 0x0000000088400000, 0x0000000088400000| Untracked 
| 133|0x0000000088500000, 0x0000000088500000, 0x0000000088600000|  0%| F|  |TAMS 0x0000000088500000, 0x0000000088500000| Untracked 
| 134|0x0000000088600000, 0x0000000088600000, 0x0000000088700000|  0%| F|  |TAMS 0x0000000088600000, 0x0000000088600000| Untracked 
| 135|0x0000000088700000, 0x0000000088700000, 0x0000000088800000|  0%| F|  |TAMS 0x0000000088700000, 0x0000000088700000| Untracked 
| 136|0x0000000088800000, 0x0000000088800000, 0x0000000088900000|  0%| F|  |TAMS 0x0000000088800000, 0x0000000088800000| Untracked 
| 137|0x0000000088900000, 0x0000000088900000, 0x0000000088a00000|  0%| F|  |TAMS 0x0000000088900000, 0x0000000088900000| Untracked 
| 138|0x0000000088a00000, 0x0000000088a00000, 0x0000000088b00000|  0%| F|  |TAMS 0x0000000088a00000, 0x0000000088a00000| Untracked 
| 139|0x0000000088b00000, 0x0000000088b00000, 0x0000000088c00000|  0%| F|  |TAMS 0x0000000088b00000, 0x0000000088b00000| Untracked 
| 140|0x0000000088c00000, 0x0000000088c6df68, 0x0000000088d00000| 42%| S|CS|TAMS 0x0000000088c00000, 0x0000000088c00000| Complete 
| 141|0x0000000088d00000, 0x0000000088d8fd40, 0x0000000088e00000| 56%| E|  |TAMS 0x0000000088d00000, 0x0000000088d00000| Complete 
| 142|0x0000000088e00000, 0x0000000088f00000, 0x0000000088f00000|100%| E|CS|TAMS 0x0000000088e00000, 0x0000000088e00000| Complete 
| 143|0x0000000088f00000, 0x0000000089000000, 0x0000000089000000|100%| E|CS|TAMS 0x0000000088f00000, 0x0000000088f00000| Complete 
| 144|0x0000000089000000, 0x0000000089100000, 0x0000000089100000|100%| E|CS|TAMS 0x0000000089000000, 0x0000000089000000| Complete 
| 145|0x0000000089100000, 0x0000000089200000, 0x0000000089200000|100%| E|CS|TAMS 0x0000000089100000, 0x0000000089100000| Complete 
| 146|0x0000000089200000, 0x0000000089300000, 0x0000000089300000|100%| E|CS|TAMS 0x0000000089200000, 0x0000000089200000| Complete 

Card table byte_map: [0x00007ff21482d000,0x00007ff214c2d000] _byte_map_base: 0x00007ff21442d000

Marking Bits (Prev, Next): (CMBitMap*) 0x00007ff228058438, (CMBitMap*) 0x00007ff228058470
 Prev Bits: [0x00007ff20e000000, 0x00007ff210000000)
 Next Bits: [0x00007ff20c000000, 0x00007ff20e000000)

Polling page: 0x00007ff22e7e7000

Metaspace:

Usage:
  Non-class:     95.89 MB capacity,    93.93 MB ( 98%) used,     1.58 MB (  2%) free+waste,   381.81 KB ( <1%) overhead. 
      Class:     15.00 MB capacity,    13.87 MB ( 92%) used,   991.49 KB (  6%) free+waste,   169.81 KB (  1%) overhead. 
       Both:    110.89 MB capacity,   107.80 MB ( 97%) used,     2.55 MB (  2%) free+waste,   551.62 KB ( <1%) overhead. 

Virtual space:
  Non-class space:       96.00 MB reserved,      96.00 MB (100%) committed 
      Class space:        1.00 GB reserved,      15.12 MB (  1%) committed 
             Both:        1.09 GB reserved,     111.12 MB ( 10%) committed 

Chunk freelists:
   Non-Class:  49.00 KB
       Class:  0 bytes
        Both:  49.00 KB

MaxMetaspaceSize: unlimited
CompressedClassSpaceSize: 1.00 GB

CodeHeap 'non-profiled nmethods': size=120032Kb used=8869Kb max_used=8869Kb free=111162Kb
 bounds [0x00007ff21cffa000, 0x00007ff21d8aa000, 0x00007ff224532000]
CodeHeap 'profiled nmethods': size=120028Kb used=35798Kb max_used=35798Kb free=84229Kb
 bounds [0x00007ff215ac3000, 0x00007ff217dc3000, 0x00007ff21cffa000]
CodeHeap 'non-nmethods': size=5700Kb used=2304Kb max_used=2361Kb free=3395Kb
 bounds [0x00007ff215532000, 0x00007ff2157a2000, 0x00007ff215ac3000]
 total_blobs=18277 nmethods=17348 adapters=839
 compilation: enabled
              stopped_count=0, restarted_count=0
 full_count=0

Compilation events (20 events):
Event: 2385.224 Thread 0x00007ff22817a000 17657       3       org.gradle.internal.reflect.DefaultTypeValidationContext::<init> (19 bytes)
Event: 2385.224 Thread 0x00007ff22817a000 nmethod 17657 0x00007ff217db4a10 code [0x00007ff217db4c00, 0x00007ff217db51b0]
Event: 2385.224 Thread 0x00007ff22817a000 17658       3       org.gradle.internal.reflect.DefaultTypeValidationContext::getProblems (8 bytes)
Event: 2385.225 Thread 0x00007ff22817a000 nmethod 17658 0x00007ff217db5390 code [0x00007ff217db5540, 0x00007ff217db5700]
Event: 2385.227 Thread 0x00007ff22817a000 17659       3       com.android.build.gradle.internal.DependencyConfigurator$configureGeneralTransforms$13::execute (53 bytes)
Event: 2385.231 Thread 0x00007ff22817a000 nmethod 17659 0x00007ff217db5810 code [0x00007ff217db5aa0, 0x00007ff217db63c0]
Event: 2385.236 Thread 0x00007ff22817a000 17660       3       groovy.lang.MetaClassImpl::getMetaProperty (45 bytes)
Event: 2385.237 Thread 0x00007ff22817a000 nmethod 17660 0x00007ff217db6790 code [0x00007ff217db6980, 0x00007ff217db6e50]
Event: 2385.239 Thread 0x00007ff22817a000 17661       3       java.net.URLClassLoader$2::run (5 bytes)
Event: 2385.240 Thread 0x00007ff22817a000 nmethod 17661 0x00007ff217db7010 code [0x00007ff217db71e0, 0x00007ff217db73a0]
Event: 2385.240 Thread 0x00007ff22817a000 17662       3       java.net.URLClassLoader$2::run (16 bytes)
Event: 2385.240 Thread 0x00007ff22817a000 nmethod 17662 0x00007ff217db7490 code [0x00007ff217db7640, 0x00007ff217db77a0]
Event: 2385.241 Thread 0x00007ff22817a000 17663       3       org.gradle.internal.extensibility.ExtensionsStorage::hasExtension (11 bytes)
Event: 2385.241 Thread 0x00007ff22817a000 nmethod 17663 0x00007ff217db7890 code [0x00007ff217db7a40, 0x00007ff217db7c00]
Event: 2385.246 Thread 0x00007ff22817a000 17664       3       org.gradle.internal.service.scopes.ProjectScopeServices$ProjectBackedModuleMetaDataProvider::getModule (15 bytes)
Event: 2385.246 Thread 0x00007ff22817a000 nmethod 17664 0x00007ff217db7d10 code [0x00007ff217db7ee0, 0x00007ff217db8170]
Event: 2385.247 Thread 0x00007ff22817a000 17665       3       org.gradle.api.internal.artifacts.ProjectBackedModule::<init> (10 bytes)
Event: 2385.247 Thread 0x00007ff22817a000 nmethod 17665 0x00007ff217db8290 code [0x00007ff217db8440, 0x00007ff217db85f0]
Event: 2385.247 Thread 0x00007ff22817a000 17666       3       org.gradle.api.internal.FactoryNamedDomainObjectContainer::doCreate (11 bytes)
Event: 2385.247 Thread 0x00007ff22817a000 nmethod 17666 0x00007ff217db8690 code [0x00007ff217db8840, 0x00007ff217db8a00]

GC Heap History (20 events):
Event: 1058.349 GC heap before
{Heap before GC invocations=43 (full 0):
 garbage-first heap   total 150528K, used 124216K [0x0000000080000000, 0x0000000100000000)
  region size 1024K, 34 young (34816K), 5 survivors (5120K)
 Metaspace       used 109724K, capacity 112877K, committed 113152K, reserved 1146880K
  class space    used 14183K, capacity 15333K, committed 15360K, reserved 1048576K
}
Event: 1058.360 GC heap after
{Heap after GC invocations=44 (full 0):
 garbage-first heap   total 150528K, used 103666K [0x0000000080000000, 0x0000000100000000)
  region size 1024K, 5 young (5120K), 5 survivors (5120K)
 Metaspace       used 109724K, capacity 112877K, committed 113152K, reserved 1146880K
  class space    used 14183K, capacity 15333K, committed 15360K, reserved 1048576K
}
Event: 1058.377 GC heap before
{Heap before GC invocations=44 (full 0):
 garbage-first heap   total 150528K, used 105714K [0x0000000080000000, 0x0000000100000000)
  region size 1024K, 7 young (7168K), 5 survivors (5120K)
 Metaspace       used 109743K, capacity 112877K, committed 113152K, reserved 1146880K
  class space    used 14183K, capacity 15333K, committed 15360K, reserved 1048576K
}
Event: 1058.389 GC heap after
{Heap after GC invocations=45 (full 0):
 garbage-first heap   total 150528K, used 99513K [0x0000000080000000, 0x0000000100000000)
  region size 1024K, 1 young (1024K), 1 survivors (1024K)
 Metaspace       used 109743K, capacity 112877K, committed 113152K, reserved 1146880K
  class space    used 14183K, capacity 15333K, committed 15360K, reserved 1048576K
}
Event: 1058.647 GC heap before
{Heap before GC invocations=45 (full 0):
 garbage-first heap   total 150528K, used 121017K [0x0000000080000000, 0x0000000100000000)
  region size 1024K, 23 young (23552K), 1 survivors (1024K)
 Metaspace       used 109926K, capacity 113095K, committed 113152K, reserved 1146880K
  class space    used 14185K, capacity 15336K, committed 15360K, reserved 1048576K
}
Event: 1058.657 GC heap after
{Heap after GC invocations=46 (full 0):
 garbage-first heap   total 150528K, used 101471K [0x0000000080000000, 0x0000000100000000)
  region size 1024K, 3 young (3072K), 3 survivors (3072K)
 Metaspace       used 109926K, capacity 113095K, committed 113152K, reserved 1146880K
  class space    used 14185K, capacity 15336K, committed 15360K, reserved 1048576K
}
Event: 1058.862 GC heap before
{Heap before GC invocations=47 (full 0):
 garbage-first heap   total 150528K, used 120927K [0x0000000080000000, 0x0000000100000000)
  region size 1024K, 25 young (25600K), 3 survivors (3072K)
 Metaspace       used 110128K, capacity 113245K, committed 113408K, reserved 1146880K
  class space    used 14187K, capacity 15339K, committed 15360K, reserved 1048576K
}
Event: 1058.866 GC heap after
{Heap after GC invocations=48 (full 0):
 garbage-first heap   total 150528K, used 98934K [0x0000000080000000, 0x0000000100000000)
  region size 1024K, 1 young (1024K), 1 survivors (1024K)
 Metaspace       used 110128K, capacity 113245K, committed 113408K, reserved 1146880K
  class space    used 14187K, capacity 15339K, committed 15360K, reserved 1048576K
}
Event: 1058.883 GC heap before
{Heap before GC invocations=48 (full 0):
 garbage-first heap   total 150528K, used 105078K [0x0000000080000000, 0x0000000100000000)
  region size 1024K, 7 young (7168K), 1 survivors (1024K)
 Metaspace       used 110128K, capacity 113245K, committed 113408K, reserved 1146880K
  class space    used 14187K, capacity 15339K, committed 15360K, reserved 1048576K
}
Event: 1058.899 GC heap after
{Heap after GC invocations=49 (full 0):
 garbage-first heap   total 150528K, used 90672K [0x0000000080000000, 0x0000000100000000)
  region size 1024K, 1 young (1024K), 1 survivors (1024K)
 Metaspace       used 110128K, capacity 113245K, committed 113408K, reserved 1146880K
  class space    used 14187K, capacity 15339K, committed 15360K, reserved 1048576K
}
Event: 1058.931 GC heap before
{Heap before GC invocations=49 (full 0):
 garbage-first heap   total 150528K, used 91696K [0x0000000080000000, 0x0000000100000000)
  region size 1024K, 4 young (4096K), 1 survivors (1024K)
 Metaspace       used 110128K, capacity 113245K, committed 113408K, reserved 1146880K
  class space    used 14187K, capacity 15339K, committed 15360K, reserved 1048576K
}
Event: 1058.953 GC heap after
{Heap after GC invocations=50 (full 0):
 garbage-first heap   total 150528K, used 90820K [0x0000000080000000, 0x0000000100000000)
  region size 1024K, 1 young (1024K), 1 survivors (1024K)
 Metaspace       used 110128K, capacity 113245K, committed 113408K, reserved 1146880K
  class space    used 14187K, capacity 15339K, committed 15360K, reserved 1048576K
}
Event: 2184.435 GC heap before
{Heap before GC invocations=51 (full 0):
 garbage-first heap   total 150528K, used 126660K [0x0000000080000000, 0x0000000100000000)
  region size 1024K, 28 young (28672K), 1 survivors (1024K)
 Metaspace       used 110227K, capacity 113298K, committed 113408K, reserved 1146880K
  class space    used 14186K, capacity 15337K, committed 15360K, reserved 1048576K
}
Event: 2184.692 GC heap after
{Heap after GC invocations=52 (full 0):
 garbage-first heap   total 150528K, used 90651K [0x0000000080000000, 0x0000000100000000)
  region size 1024K, 1 young (1024K), 1 survivors (1024K)
 Metaspace       used 110227K, capacity 113298K, committed 113408K, reserved 1146880K
  class space    used 14186K, capacity 15337K, committed 15360K, reserved 1048576K
}
Event: 2379.714 GC heap before
{Heap before GC invocations=52 (full 0):
 garbage-first heap   total 150528K, used 96795K [0x0000000080000000, 0x0000000100000000)
  region size 1024K, 7 young (7168K), 1 survivors (1024K)
 Metaspace       used 110262K, capacity 113325K, committed 113408K, reserved 1146880K
  class space    used 14189K, capacity 15343K, committed 15360K, reserved 1048576K
}
Event: 2382.658 GC heap after
{Heap after GC invocations=53 (full 0):
 garbage-first heap   total 150528K, used 85099K [0x0000000080000000, 0x0000000100000000)
  region size 1024K, 1 young (1024K), 1 survivors (1024K)
 Metaspace       used 110262K, capacity 113325K, committed 113408K, reserved 1146880K
  class space    used 14189K, capacity 15343K, committed 15360K, reserved 1048576K
}
Event: 2383.369 GC heap before
{Heap before GC invocations=53 (full 0):
 garbage-first heap   total 150528K, used 90219K [0x0000000080000000, 0x0000000100000000)
  region size 1024K, 7 young (7168K), 1 survivors (1024K)
 Metaspace       used 110292K, capacity 113352K, committed 113408K, reserved 1146880K
  class space    used 14193K, capacity 15349K, committed 15360K, reserved 1048576K
}
Event: 2383.476 GC heap after
{Heap after GC invocations=54 (full 0):
 garbage-first heap   total 150528K, used 86381K [0x0000000080000000, 0x0000000100000000)
  region size 1024K, 1 young (1024K), 1 survivors (1024K)
 Metaspace       used 110292K, capacity 113352K, committed 113408K, reserved 1146880K
  class space    used 14193K, capacity 15349K, committed 15360K, reserved 1048576K
}
Event: 2384.057 GC heap before
{Heap before GC invocations=54 (full 0):
 garbage-first heap   total 150528K, used 92525K [0x0000000080000000, 0x0000000100000000)
  region size 1024K, 7 young (7168K), 1 survivors (1024K)
 Metaspace       used 110295K, capacity 113352K, committed 113408K, reserved 1146880K
  class space    used 14193K, capacity 15349K, committed 15360K, reserved 1048576K
}
Event: 2384.096 GC heap after
{Heap after GC invocations=55 (full 0):
 garbage-first heap   total 150528K, used 86883K [0x0000000080000000, 0x0000000100000000)
  region size 1024K, 1 young (1024K), 1 survivors (1024K)
 Metaspace       used 110295K, capacity 113352K, committed 113408K, reserved 1146880K
  class space    used 14193K, capacity 15349K, committed 15360K, reserved 1048576K
}

Deoptimization events (20 events):
Event: 1058.979 Thread 0x00007ff144026000 Uncommon trap: trap_request=0xffffffbe fr.pc=0x00007ff21d7a5f3c relative=0x00000000000009fc
Event: 1058.979 Thread 0x00007ff144026000 Uncommon trap: reason=profile_predicate action=maybe_recompile pc=0x00007ff21d7a5f3c method=java.math.BigInteger.montReduce([I[III)[I @ 9 c2
Event: 1058.979 Thread 0x00007ff144026000 DEOPT PACKING pc=0x00007ff21d7a5f3c sp=0x00007ff1dcc424d0
Event: 1058.979 Thread 0x00007ff144026000 DEOPT UNPACKING pc=0x00007ff21553a1a5 sp=0x00007ff1dcc42490 mode 2
Event: 1058.979 Thread 0x00007ff144026000 Uncommon trap: trap_request=0xffffffbe fr.pc=0x00007ff21d7a5f3c relative=0x00000000000009fc
Event: 1058.979 Thread 0x00007ff144026000 Uncommon trap: reason=profile_predicate action=maybe_recompile pc=0x00007ff21d7a5f3c method=java.math.BigInteger.montReduce([I[III)[I @ 9 c2
Event: 1058.979 Thread 0x00007ff144026000 DEOPT PACKING pc=0x00007ff21d7a5f3c sp=0x00007ff1dcc425a0
Event: 1058.979 Thread 0x00007ff144026000 DEOPT UNPACKING pc=0x00007ff21553a1a5 sp=0x00007ff1dcc42580 mode 2
Event: 2382.841 Thread 0x00007ff12000c800 Uncommon trap: trap_request=0xffffffde fr.pc=0x00007ff21d73f338 relative=0x0000000000000d38
Event: 2382.843 Thread 0x00007ff12000c800 Uncommon trap: reason=class_check action=maybe_recompile pc=0x00007ff21d73f338 method=org.gradle.cache.internal.LockOnDemandCrossProcessCacheAccess.incrementLockCount()V @ 97 c2
Event: 2382.843 Thread 0x00007ff12000c800 DEOPT PACKING pc=0x00007ff21d73f338 sp=0x00007ff1030f7870
Event: 2382.843 Thread 0x00007ff12000c800 DEOPT UNPACKING pc=0x00007ff21553a1a5 sp=0x00007ff1030f7850 mode 2
Event: 2383.766 Thread 0x00007ff11801a000 Uncommon trap: trap_request=0xffffff4d fr.pc=0x00007ff21d52c530 relative=0x00000000000009b0
Event: 2383.766 Thread 0x00007ff118041800 Uncommon trap: trap_request=0xffffff4d fr.pc=0x00007ff21d52c530 relative=0x00000000000009b0
Event: 2383.767 Thread 0x00007ff118041800 Uncommon trap: reason=unstable_if action=reinterpret pc=0x00007ff21d52c530 method=java.util.concurrent.ConcurrentLinkedQueue.poll()Ljava/lang/Object; @ 24 c2
Event: 2383.767 Thread 0x00007ff11801a000 Uncommon trap: reason=unstable_if action=reinterpret pc=0x00007ff21d52c530 method=java.util.concurrent.ConcurrentLinkedQueue.poll()Ljava/lang/Object; @ 24 c2
Event: 2383.767 Thread 0x00007ff11801a000 DEOPT PACKING pc=0x00007ff21d52c530 sp=0x00007ff1018fcfc0
Event: 2383.767 Thread 0x00007ff118041800 DEOPT PACKING pc=0x00007ff21d52c530 sp=0x00007ff1dcf42fc0
Event: 2383.767 Thread 0x00007ff11801a000 DEOPT UNPACKING pc=0x00007ff21553a1a5 sp=0x00007ff1018fcf08 mode 2
Event: 2383.769 Thread 0x00007ff118041800 DEOPT UNPACKING pc=0x00007ff21553a1a5 sp=0x00007ff1dcf42f08 mode 2

Classes redefined (0 events):
No events

Internal exceptions (20 events):
Event: 2291.858 Thread 0x00007ff1a5685000 Exception <a 'java/io/IOException'{0x0000000089046010}> (0x0000000089046010) thrown at [src/hotspot/share/prims/jni.cpp, line 615]
Event: 2296.858 Thread 0x00007ff1a5685000 Exception <a 'java/io/IOException'{0x00000000890573d0}> (0x00000000890573d0) thrown at [src/hotspot/share/prims/jni.cpp, line 615]
Event: 2301.858 Thread 0x00007ff1a5685000 Exception <a 'java/io/IOException'{0x0000000089080bb8}> (0x0000000089080bb8) thrown at [src/hotspot/share/prims/jni.cpp, line 615]
Event: 2306.859 Thread 0x00007ff1a5685000 Exception <a 'java/io/IOException'{0x000000008908ff78}> (0x000000008908ff78) thrown at [src/hotspot/share/prims/jni.cpp, line 615]
Event: 2311.858 Thread 0x00007ff1a5685000 Exception <a 'java/io/IOException'{0x00000000890b20b0}> (0x00000000890b20b0) thrown at [src/hotspot/share/prims/jni.cpp, line 615]
Event: 2316.858 Thread 0x00007ff1a5685000 Exception <a 'java/io/IOException'{0x00000000890c88e0}> (0x00000000890c88e0) thrown at [src/hotspot/share/prims/jni.cpp, line 615]
Event: 2321.858 Thread 0x00007ff1a5685000 Exception <a 'java/io/IOException'{0x00000000890ef0b8}> (0x00000000890ef0b8) thrown at [src/hotspot/share/prims/jni.cpp, line 615]
Event: 2326.858 Thread 0x00007ff1a5685000 Exception <a 'java/io/IOException'{0x0000000088f038d0}> (0x0000000088f038d0) thrown at [src/hotspot/share/prims/jni.cpp, line 615]
Event: 2331.858 Thread 0x00007ff1a5685000 Exception <a 'java/io/IOException'{0x0000000088f259f0}> (0x0000000088f259f0) thrown at [src/hotspot/share/prims/jni.cpp, line 615]
Event: 2336.858 Thread 0x00007ff1a5685000 Exception <a 'java/io/IOException'{0x0000000088f3c280}> (0x0000000088f3c280) thrown at [src/hotspot/share/prims/jni.cpp, line 615]
Event: 2341.858 Thread 0x00007ff1a5685000 Exception <a 'java/io/IOException'{0x0000000088f605f0}> (0x0000000088f605f0) thrown at [src/hotspot/share/prims/jni.cpp, line 615]
Event: 2346.863 Thread 0x00007ff1a5685000 Exception <a 'java/io/IOException'{0x0000000088f74f40}> (0x0000000088f74f40) thrown at [src/hotspot/share/prims/jni.cpp, line 615]
Event: 2351.858 Thread 0x00007ff1a5685000 Exception <a 'java/io/IOException'{0x0000000088f97000}> (0x0000000088f97000) thrown at [src/hotspot/share/prims/jni.cpp, line 615]
Event: 2356.858 Thread 0x00007ff1a5685000 Exception <a 'java/io/IOException'{0x0000000088fad8e0}> (0x0000000088fad8e0) thrown at [src/hotspot/share/prims/jni.cpp, line 615]
Event: 2361.858 Thread 0x00007ff1a5685000 Exception <a 'java/io/IOException'{0x0000000088fd1c68}> (0x0000000088fd1c68) thrown at [src/hotspot/share/prims/jni.cpp, line 615]
Event: 2366.859 Thread 0x00007ff1a5685000 Exception <a 'java/io/IOException'{0x0000000088fe6530}> (0x0000000088fe6530) thrown at [src/hotspot/share/prims/jni.cpp, line 615]
Event: 2371.858 Thread 0x00007ff1a5685000 Exception <a 'java/io/IOException'{0x0000000088e0ba60}> (0x0000000088e0ba60) thrown at [src/hotspot/share/prims/jni.cpp, line 615]
Event: 2376.858 Thread 0x00007ff1a5685000 Exception <a 'java/io/IOException'{0x0000000088e1ce48}> (0x0000000088e1ce48) thrown at [src/hotspot/share/prims/jni.cpp, line 615]
Event: 2382.659 Thread 0x00007ff1a5685000 Exception <a 'java/io/IOException'{0x0000000089205380}> (0x0000000089205380) thrown at [src/hotspot/share/prims/jni.cpp, line 615]
Event: 2385.242 Thread 0x00007ff12000c800 Exception <a 'java/lang/NoClassDefFoundError'{0x0000000088d49900}: org/jetbrains/kotlin/gradle/plugin/KotlinBasePluginWrapper> (0x0000000088d49900) thrown at [src/hotspot/share/oops/constantPool.cpp, line 775]

Events (20 events):
Event: 2383.655 Protecting memory [0x00007ff101800000,0x00007ff101804000] with protection modes 0
Event: 2383.655 Thread 0x00007ff11801b000 Thread added: 0x00007ff11801b000
Event: 2383.660 Protecting memory [0x00007ff1dd346000,0x00007ff1dd34a000] with protection modes 0
Event: 2383.662 Thread 0x00007ff11801c000 Thread added: 0x00007ff11801c000
Event: 2383.663 Protecting memory [0x00007ff1dcb46000,0x00007ff1dcb4a000] with protection modes 0
Event: 2383.666 Executing VM operation: RevokeBias
Event: 2383.668 Thread 0x00007ff11801d800 Thread added: 0x00007ff11801d800
Event: 2383.668 Protecting memory [0x00007ff176400000,0x00007ff176404000] with protection modes 0
Event: 2383.675 Executing VM operation: RevokeBias done
Event: 2383.718 Thread 0x00007ff118041800 Thread added: 0x00007ff118041800
Event: 2383.718 Protecting memory [0x00007ff1dce46000,0x00007ff1dce4a000] with protection modes 0
Event: 2383.748 Thread 0x00007ff118042800 Thread added: 0x00007ff118042800
Event: 2383.752 Protecting memory [0x00007ff101900000,0x00007ff101904000] with protection modes 0
Event: 2383.753 Thread 0x00007ff118044000 Thread added: 0x00007ff118044000
Event: 2383.753 Protecting memory [0x00007ff1dcd46000,0x00007ff1dcd4a000] with protection modes 0
Event: 2383.755 Thread 0x00007ff118045800 Thread added: 0x00007ff118045800
Event: 2383.755 Protecting memory [0x00007ff101a00000,0x00007ff101a04000] with protection modes 0
Event: 2383.937 Executing VM operation: G1CollectForAllocation
Event: 2384.096 Executing VM operation: G1CollectForAllocation done
Event: 2385.251 Executing VM operation: CGC_Operation


Dynamic libraries:
00400000-00401000 r-xp 00000000 07:01 62                                 /var/lib/snapd/snap/android-studio/115/android-studio/jre/bin/java
00600000-00601000 r--p 00000000 07:01 62                                 /var/lib/snapd/snap/android-studio/115/android-studio/jre/bin/java
00601000-00602000 rw-p 00001000 07:01 62                                 /var/lib/snapd/snap/android-studio/115/android-studio/jre/bin/java
01b92000-01bb3000 rw-p 00000000 00:00 0                                  [heap]
80000000-89300000 rw-p 00000000 00:00 0 
89300000-100000000 ---p 00000000 00:00 0 
100000000-100f20000 rw-p 00000000 00:00 0 
100f20000-140000000 ---p 00000000 00:00 0 
7ff0fb800000-7ff0fb804000 ---p 00000000 00:00 0 
7ff0fb804000-7ff0fb900000 rw-p 00000000 00:00 0 
7ff0fb900000-7ff0fb904000 ---p 00000000 00:00 0 
7ff0fb904000-7ff0fba00000 rw-p 00000000 00:00 0 
7ff0fba00000-7ff0fba04000 ---p 00000000 00:00 0 
7ff0fba04000-7ff0fbb00000 rw-p 00000000 00:00 0 
7ff0fbb00000-7ff0fbb04000 ---p 00000000 00:00 0 
7ff0fbb04000-7ff0fbc00000 rw-p 00000000 00:00 0 
7ff0fbc00000-7ff0fbc04000 ---p 00000000 00:00 0 
7ff0fbc04000-7ff0fbd00000 rw-p 00000000 00:00 0 
7ff0fbd00000-7ff0fbd04000 ---p 00000000 00:00 0 
7ff0fbd04000-7ff0fbe00000 rw-p 00000000 00:00 0 
7ff0fbe00000-7ff0fbe04000 ---p 00000000 00:00 0 
7ff0fbe04000-7ff0fbf00000 rw-p 00000000 00:00 0 
7ff0fbf00000-7ff0fbf04000 ---p 00000000 00:00 0 
7ff0fbf04000-7ff0fc000000 rw-p 00000000 00:00 0 
7ff0fc000000-7ff0fc021000 rw-p 00000000 00:00 0 
7ff0fc021000-7ff100000000 ---p 00000000 00:00 0 
7ff1000a1000-7ff1000a5000 ---p 00000000 00:00 0 
7ff1000a5000-7ff1001a1000 rw-p 00000000 00:00 0 
7ff1001a1000-7ff1001a5000 ---p 00000000 00:00 0 
7ff1001a5000-7ff1002a1000 rw-p 00000000 00:00 0 
7ff1002a1000-7ff1002a5000 ---p 00000000 00:00 0 
7ff1002a5000-7ff1003a1000 rw-p 00000000 00:00 0 
7ff1003a1000-7ff1003a5000 ---p 00000000 00:00 0 
7ff1003a5000-7ff1004a1000 rw-p 00000000 00:00 0 
7ff1004a1000-7ff1004e8000 r-xp 00000000 07:01 463                        /var/lib/snapd/snap/android-studio/115/android-studio/jre/lib/libsunec.so
7ff1004e8000-7ff1006e8000 ---p 00047000 07:01 463                        /var/lib/snapd/snap/android-studio/115/android-studio/jre/lib/libsunec.so
7ff1006e8000-7ff1006ec000 r--p 00047000 07:01 463                        /var/lib/snapd/snap/android-studio/115/android-studio/jre/lib/libsunec.so
7ff1006ec000-7ff1006ee000 rw-p 0004b000 07:01 463                        /var/lib/snapd/snap/android-studio/115/android-studio/jre/lib/libsunec.so
7ff1006ee000-7ff100900000 rw-p 00000000 00:00 0 
7ff100900000-7ff100b00000 rw-p 00000000 00:00 0 
7ff100b00000-7ff100d00000 rw-p 00000000 00:00 0 
7ff100d00000-7ff100f00000 rw-p 00000000 00:00 0 
7ff100f00000-7ff101100000 rw-p 00000000 00:00 0 
7ff101100000-7ff101300000 rw-p 00000000 00:00 0 
7ff101300000-7ff101500000 rw-p 00000000 00:00 0 
7ff1015b8000-7ff101800000 rw-p 00000000 00:00 0 
7ff101800000-7ff101804000 ---p 00000000 00:00 0 
7ff101804000-7ff101900000 rw-p 00000000 00:00 0 
7ff101900000-7ff101904000 ---p 00000000 00:00 0 
7ff101904000-7ff101a00000 rw-p 00000000 00:00 0 
7ff101a00000-7ff101a04000 ---p 00000000 00:00 0 
7ff101a04000-7ff101b00000 rw-p 00000000 00:00 0 
7ff101b00000-7ff101b04000 ---p 00000000 00:00 0 
7ff101b04000-7ff101c00000 rw-p 00000000 00:00 0 
7ff101c00000-7ff101c04000 ---p 00000000 00:00 0 
7ff101c04000-7ff101f00000 rw-p 00000000 00:00 0 
7ff101f00000-7ff102100000 rw-p 00000000 00:00 0 
7ff102100000-7ff102300000 rw-p 00000000 00:00 0 
7ff102300000-7ff102500000 rw-p 00000000 00:00 0 
7ff102500000-7ff102504000 ---p 00000000 00:00 0 
7ff102504000-7ff102600000 rw-p 00000000 00:00 0 
7ff102600000-7ff102604000 ---p 00000000 00:00 0 
7ff102604000-7ff102900000 rw-p 00000000 00:00 0 
7ff102900000-7ff102b00000 rw-p 00000000 00:00 0 
7ff102b00000-7ff102b04000 ---p 00000000 00:00 0 
7ff102b04000-7ff102e00000 rw-p 00000000 00:00 0 
7ff102e00000-7ff102e04000 ---p 00000000 00:00 0 
7ff102e04000-7ff102f00000 rw-p 00000000 00:00 0 
7ff102f00000-7ff102f04000 ---p 00000000 00:00 0 
7ff102f04000-7ff103000000 rw-p 00000000 00:00 0 
7ff103000000-7ff103004000 ---p 00000000 00:00 0 
7ff103004000-7ff103100000 rw-p 00000000 00:00 0 
7ff103100000-7ff103300000 rw-p 00000000 00:00 0 
7ff103300000-7ff103304000 ---p 00000000 00:00 0 
7ff103304000-7ff103600000 rw-p 00000000 00:00 0 
7ff103600000-7ff103800000 rw-p 00000000 00:00 0 
7ff103800000-7ff103a00000 rw-p 00000000 00:00 0 
7ff103a00000-7ff103c00000 rw-p 00000000 00:00 0 
7ff103c00000-7ff103e00000 rw-p 00000000 00:00 0 
7ff103e00000-7ff104000000 rw-p 00000000 00:00 0 
7ff104000000-7ff104157000 rw-p 00000000 00:00 0 
7ff104157000-7ff108000000 ---p 00000000 00:00 0 
7ff108000000-7ff108031000 rw-p 00000000 00:00 0 
7ff108031000-7ff10c000000 ---p 00000000 00:00 0 
7ff10c000000-7ff10c288000 rw-p 00000000 00:00 0 
7ff10c288000-7ff110000000 ---p 00000000 00:00 0 
7ff110000000-7ff11010b000 rw-p 00000000 00:00 0 
7ff11010b000-7ff114000000 ---p 00000000 00:00 0 
7ff114000000-7ff11451e000 rw-p 00000000 00:00 0 
7ff11451e000-7ff118000000 ---p 00000000 00:00 0 
7ff118000000-7ff118132000 rw-p 00000000 00:00 0 
7ff118132000-7ff11c000000 ---p 00000000 00:00 0 
7ff11c000000-7ff11c05e000 rw-p 00000000 00:00 0 
7ff11c05e000-7ff120000000 ---p 00000000 00:00 0 
7ff120000000-7ff12012e000 rw-p 00000000 00:00 0 
7ff12012e000-7ff124000000 ---p 00000000 00:00 0 
7ff124000000-7ff124053000 rw-p 00000000 00:00 0 
7ff124053000-7ff128000000 ---p 00000000 00:00 0 
7ff128000000-7ff12805c000 rw-p 00000000 00:00 0 
7ff12805c000-7ff12c000000 ---p 00000000 00:00 0 
7ff12c000000-7ff12c203000 rw-p 00000000 00:00 0 
7ff12c203000-7ff130000000 ---p 00000000 00:00 0 
7ff130000000-7ff130052000 rw-p 00000000 00:00 0 
7ff130052000-7ff134000000 ---p 00000000 00:00 0 
7ff134000000-7ff1341e7000 rw-p 00000000 00:00 0 
7ff1341e7000-7ff138000000 ---p 00000000 00:00 0 
7ff138000000-7ff138064000 rw-p 00000000 00:00 0 
7ff138064000-7ff13c000000 ---p 00000000 00:00 0 
7ff13c000000-7ff13c021000 rw-p 00000000 00:00 0 
7ff13c021000-7ff140000000 ---p 00000000 00:00 0 
7ff140000000-7ff140021000 rw-p 00000000 00:00 0 
7ff140021000-7ff144000000 ---p 00000000 00:00 0 
7ff144000000-7ff144053000 rw-p 00000000 00:00 0 
7ff144053000-7ff148000000 ---p 00000000 00:00 0 
7ff148000000-7ff1480bf000 rw-p 00000000 00:00 0 
7ff1480bf000-7ff14c000000 ---p 00000000 00:00 0 
7ff14c000000-7ff14c106000 rw-p 00000000 00:00 0 
7ff14c106000-7ff150000000 ---p 00000000 00:00 0 
7ff150000000-7ff150156000 rw-p 00000000 00:00 0 
7ff150156000-7ff154000000 ---p 00000000 00:00 0 
7ff154000000-7ff154027000 rw-p 00000000 00:00 0 
7ff154027000-7ff158000000 ---p 00000000 00:00 0 
7ff158000000-7ff15828e000 rw-p 00000000 00:00 0 
7ff15828e000-7ff15c000000 ---p 00000000 00:00 0 
7ff15c000000-7ff15c05c000 rw-p 00000000 00:00 0 
7ff15c05c000-7ff160000000 ---p 00000000 00:00 0 
7ff160000000-7ff160104000 rw-p 00000000 00:00 0 
7ff160104000-7ff164000000 ---p 00000000 00:00 0 
7ff164000000-7ff164037000 rw-p 00000000 00:00 0 
7ff164037000-7ff168000000 ---p 00000000 00:00 0 
7ff168000000-7ff168021000 rw-p 00000000 00:00 0 
7ff168021000-7ff16c000000 ---p 00000000 00:00 0 
7ff16c000000-7ff16c0a6000 rw-p 00000000 00:00 0 
7ff16c0a6000-7ff170000000 ---p 00000000 00:00 0 
7ff170000000-7ff170108000 rw-p 00000000 00:00 0 
7ff170108000-7ff174000000 ---p 00000000 00:00 0 
7ff174000000-7ff174200000 rw-p 00000000 00:00 0 
7ff174200000-7ff174400000 rw-p 00000000 00:00 0 
7ff174400000-7ff174404000 ---p 00000000 00:00 0 
7ff174404000-7ff174700000 rw-p 00000000 00:00 0 
7ff174700000-7ff174900000 rw-p 00000000 00:00 0 
7ff174900000-7ff174b00000 rw-p 00000000 00:00 0 
7ff174b00000-7ff174d00000 rw-p 00000000 00:00 0 
7ff174d00000-7ff174d04000 ---p 00000000 00:00 0 
7ff174d04000-7ff174e00000 rw-p 00000000 00:00 0 
7ff174e00000-7ff174e04000 ---p 00000000 00:00 0 
7ff174e04000-7ff174f00000 rw-p 00000000 00:00 0 
7ff174f00000-7ff174f04000 ---p 00000000 00:00 0 
7ff174f04000-7ff175000000 rw-p 00000000 00:00 0 
7ff175000000-7ff175004000 ---p 00000000 00:00 0 
7ff175004000-7ff175100000 rw-p 00000000 00:00 0 
7ff175100000-7ff175104000 ---p 00000000 00:00 0 
7ff175104000-7ff175200000 rw-p 00000000 00:00 0 
7ff175200000-7ff175204000 ---p 00000000 00:00 0 
7ff175204000-7ff175300000 rw-p 00000000 00:00 0 
7ff175300000-7ff175304000 ---p 00000000 00:00 0 
7ff175304000-7ff175400000 rw-p 00000000 00:00 0 
7ff175400000-7ff175404000 ---p 00000000 00:00 0 
7ff175404000-7ff175500000 rw-p 00000000 00:00 0 
7ff175500000-7ff175504000 ---p 00000000 00:00 0 
7ff175504000-7ff175600000 rw-p 00000000 00:00 0 
7ff175600000-7ff175604000 ---p 00000000 00:00 0 
7ff175604000-7ff175700000 rw-p 00000000 00:00 0 
7ff175700000-7ff175704000 ---p 00000000 00:00 0 
7ff175704000-7ff175800000 rw-p 00000000 00:00 0 
7ff175800000-7ff175804000 ---p 00000000 00:00 0 
7ff175804000-7ff175900000 rw-p 00000000 00:00 0 
7ff175900000-7ff175904000 ---p 00000000 00:00 0 
7ff175904000-7ff175c00000 rw-p 00000000 00:00 0 
7ff175d00000-7ff175f00000 rw-p 00000000 00:00 0 
7ff175f00000-7ff175f04000 ---p 00000000 00:00 0 
7ff175f04000-7ff176200000 rw-p 00000000 00:00 0 
7ff176200000-7ff176400000 rw-p 00000000 00:00 0 
7ff176400000-7ff176404000 ---p 00000000 00:00 0 
7ff176404000-7ff176700000 rw-p 00000000 00:00 0 
7ff176700000-7ff176704000 ---p 00000000 00:00 0 
7ff176704000-7ff176800000 rw-p 00000000 00:00 0 
7ff176800000-7ff176804000 ---p 00000000 00:00 0 
7ff176804000-7ff176900000 rw-p 00000000 00:00 0 
7ff176900000-7ff176904000 ---p 00000000 00:00 0 
7ff176904000-7ff176c00000 rw-p 00000000 00:00 0 
7ff176c00000-7ff176e00000 rw-p 00000000 00:00 0 
7ff176e00000-7ff177000000 rw-p 00000000 00:00 0 
7ff177000000-7ff177004000 ---p 00000000 00:00 0 
7ff177004000-7ff177300000 rw-p 00000000 00:00 0 
7ff177400000-7ff177404000 ---p 00000000 00:00 0 
7ff177404000-7ff177500000 rw-p 00000000 00:00 0 
7ff177500000-7ff177504000 ---p 00000000 00:00 0 
7ff177504000-7ff177800000 rw-p 00000000 00:00 0 
7ff177800000-7ff177804000 ---p 00000000 00:00 0 
7ff177804000-7ff177900000 rw-p 00000000 00:00 0 
7ff177900000-7ff177904000 ---p 00000000 00:00 0 
7ff177904000-7ff177a00000 rw-p 00000000 00:00 0 
7ff177b00000-7ff177d00000 rw-p 00000000 00:00 0 
7ff177d00000-7ff177d04000 ---p 00000000 00:00 0 
7ff177d04000-7ff178000000 rw-p 00000000 00:00 0 
7ff178000000-7ff178031000 rw-p 00000000 00:00 0 
7ff178031000-7ff17c000000 ---p 00000000 00:00 0 
7ff17c000000-7ff17c021000 rw-p 00000000 00:00 0 
7ff17c021000-7ff180000000 ---p 00000000 00:00 0 
7ff180000000-7ff180021000 rw-p 00000000 00:00 0 
7ff180021000-7ff184000000 ---p 00000000 00:00 0 
7ff184000000-7ff184021000 rw-p 00000000 00:00 0 
7ff184021000-7ff188000000 ---p 00000000 00:00 0 
7ff188000000-7ff188021000 rw-p 00000000 00:00 0 
7ff188021000-7ff18c000000 ---p 00000000 00:00 0 
7ff18c000000-7ff18c021000 rw-p 00000000 00:00 0 
7ff18c021000-7ff190000000 ---p 00000000 00:00 0 
7ff190000000-7ff190022000 rw-p 00000000 00:00 0 
7ff190022000-7ff194000000 ---p 00000000 00:00 0 
7ff194000000-7ff194026000 rw-p 00000000 00:00 0 
7ff194026000-7ff198000000 ---p 00000000 00:00 0 
7ff198000000-7ff19802a000 rw-p 00000000 00:00 0 
7ff19802a000-7ff19c000000 ---p 00000000 00:00 0 
7ff19c000000-7ff19c021000 rw-p 00000000 00:00 0 
7ff19c021000-7ff1a0000000 ---p 00000000 00:00 0 
7ff1a0000000-7ff1a0021000 rw-p 00000000 00:00 0 
7ff1a0021000-7ff1a4000000 ---p 00000000 00:00 0 
7ff1a4000000-7ff1a5c9b000 rw-p 00000000 00:00 0 
7ff1a5c9b000-7ff1a8000000 ---p 00000000 00:00 0 
7ff1a8000000-7ff1a81d8000 rw-p 00000000 00:00 0 
7ff1a81d8000-7ff1ac000000 ---p 00000000 00:00 0 
7ff1ac000000-7ff1ac03d000 rw-p 00000000 00:00 0 
7ff1ac03d000-7ff1b0000000 ---p 00000000 00:00 0 
7ff1b0000000-7ff1b0052000 rw-p 00000000 00:00 0 
7ff1b0052000-7ff1b4000000 ---p 00000000 00:00 0 
7ff1b4000000-7ff1b4021000 rw-p 00000000 00:00 0 
7ff1b4021000-7ff1b8000000 ---p 00000000 00:00 0 
7ff1b8000000-7ff1b8172000 rw-p 00000000 00:00 0 
7ff1b8172000-7ff1bc000000 ---p 00000000 00:00 0 
7ff1bc000000-7ff1bc023000 rw-p 00000000 00:00 0 
7ff1bc023000-7ff1c0000000 ---p 00000000 00:00 0 
7ff1c0000000-7ff1c0021000 rw-p 00000000 00:00 0 
7ff1c0021000-7ff1c4000000 ---p 00000000 00:00 0 
7ff1c4000000-7ff1c4021000 rw-p 00000000 00:00 0 
7ff1c4021000-7ff1c8000000 ---p 00000000 00:00 0 
7ff1c8000000-7ff1c88de000 rw-p 00000000 00:00 0 
7ff1c88de000-7ff1cc000000 ---p 00000000 00:00 0 
7ff1cc000000-7ff1cc021000 rw-p 00000000 00:00 0 
7ff1cc021000-7ff1d0000000 ---p 00000000 00:00 0 
7ff1d0000000-7ff1d0021000 rw-p 00000000 00:00 0 
7ff1d0021000-7ff1d4000000 ---p 00000000 00:00 0 
7ff1d4000000-7ff1d6538000 rw-p 00000000 00:00 0 
7ff1d6538000-7ff1d8000000 ---p 00000000 00:00 0 
7ff1d8000000-7ff1d8021000 rw-p 00000000 00:00 0 
7ff1d8021000-7ff1dc000000 ---p 00000000 00:00 0 
7ff1dc038000-7ff1dc039000 ---p 00000000 00:00 0 
7ff1dc039000-7ff1dc13a000 rw-p 00000000 00:00 0 
7ff1dc13a000-7ff1dc13e000 ---p 00000000 00:00 0 
7ff1dc13e000-7ff1dc23a000 rw-p 00000000 00:00 0 
7ff1dc23a000-7ff1dc23e000 ---p 00000000 00:00 0 
7ff1dc23e000-7ff1dc53a000 rw-p 00000000 00:00 0 
7ff1dc53a000-7ff1dc53b000 ---p 00000000 00:00 0 
7ff1dc53b000-7ff1dc63c000 rw-p 00000000 00:00 0 
7ff1dc63c000-7ff1dc63d000 ---p 00000000 00:00 0 
7ff1dc63d000-7ff1dc73e000 rw-p 00000000 00:00 0 
7ff1dc73e000-7ff1dc73f000 ---p 00000000 00:00 0 
7ff1dc73f000-7ff1dc840000 rw-p 00000000 00:00 0 
7ff1dc840000-7ff1dc841000 ---p 00000000 00:00 0 
7ff1dc841000-7ff1dc942000 rw-p 00000000 00:00 0 
7ff1dc942000-7ff1dc943000 ---p 00000000 00:00 0 
7ff1dc943000-7ff1dca44000 rw-p 00000000 00:00 0 
7ff1dca44000-7ff1dca45000 ---p 00000000 00:00 0 
7ff1dca45000-7ff1dcb46000 rw-p 00000000 00:00 0 
7ff1dcb46000-7ff1dcb4a000 ---p 00000000 00:00 0 
7ff1dcb4a000-7ff1dcc46000 rw-p 00000000 00:00 0 
7ff1dcc46000-7ff1dcc4a000 ---p 00000000 00:00 0 
7ff1dcc4a000-7ff1dcd46000 rw-p 00000000 00:00 0 
7ff1dcd46000-7ff1dcd4a000 ---p 00000000 00:00 0 
7ff1dcd4a000-7ff1dce46000 rw-p 00000000 00:00 0 
7ff1dce46000-7ff1dce4a000 ---p 00000000 00:00 0 
7ff1dce4a000-7ff1dcf46000 rw-p 00000000 00:00 0 
7ff1dcf46000-7ff1dcf4a000 ---p 00000000 00:00 0 
7ff1dcf4a000-7ff1dd246000 rw-p 00000000 00:00 0 
7ff1dd246000-7ff1dd24a000 ---p 00000000 00:00 0 
7ff1dd24a000-7ff1dd346000 rw-p 00000000 00:00 0 
7ff1dd346000-7ff1dd34a000 ---p 00000000 00:00 0 
7ff1dd34a000-7ff1dd446000 rw-p 00000000 00:00 0 
7ff1dd446000-7ff1dd44a000 ---p 00000000 00:00 0 
7ff1dd44a000-7ff1dd546000 rw-p 00000000 00:00 0 
7ff1dd546000-7ff1dd54a000 ---p 00000000 00:00 0 
7ff1dd54a000-7ff1dd646000 rw-p 00000000 00:00 0 
7ff1dd646000-7ff1dd648000 r-xp 00000000 07:01 437                        /var/lib/snapd/snap/android-studio/115/android-studio/jre/lib/libextnet.so
7ff1dd648000-7ff1dd847000 ---p 00002000 07:01 437                        /var/lib/snapd/snap/android-studio/115/android-studio/jre/lib/libextnet.so
7ff1dd847000-7ff1dd848000 r--p 00001000 07:01 437                        /var/lib/snapd/snap/android-studio/115/android-studio/jre/lib/libextnet.so
7ff1dd848000-7ff1dd849000 rw-p 00002000 07:01 437                        /var/lib/snapd/snap/android-studio/115/android-studio/jre/lib/libextnet.so
7ff1dd849000-7ff1dda49000 rw-p 00000000 00:00 0 
7ff1dda49000-7ff1dda4d000 ---p 00000000 00:00 0 
7ff1dda4d000-7ff1ddb49000 rw-p 00000000 00:00 0 
7ff1ddb49000-7ff1ddb4e000 r-xp 00000000 07:01 454                        /var/lib/snapd/snap/android-studio/115/android-studio/jre/lib/libmanagement_ext.so
7ff1ddb4e000-7ff1ddd4d000 ---p 00005000 07:01 454                        /var/lib/snapd/snap/android-studio/115/android-studio/jre/lib/libmanagement_ext.so
7ff1ddd4d000-7ff1ddd4e000 r--p 00004000 07:01 454                        /var/lib/snapd/snap/android-studio/115/android-studio/jre/lib/libmanagement_ext.so
7ff1ddd4e000-7ff1ddd4f000 rw-p 00005000 07:01 454                        /var/lib/snapd/snap/android-studio/115/android-studio/jre/lib/libmanagement_ext.so
7ff1ddd4f000-7ff1ddd53000 r-xp 00000000 07:01 452                        /var/lib/snapd/snap/android-studio/115/android-studio/jre/lib/libmanagement.so
7ff1ddd53000-7ff1ddf52000 ---p 00004000 07:01 452                        /var/lib/snapd/snap/android-studio/115/android-studio/jre/lib/libmanagement.so
7ff1ddf52000-7ff1ddf53000 r--p 00003000 07:01 452                        /var/lib/snapd/snap/android-studio/115/android-studio/jre/lib/libmanagement.so
7ff1ddf53000-7ff1ddf54000 rw-p 00004000 07:01 452                        /var/lib/snapd/snap/android-studio/115/android-studio/jre/lib/libmanagement.so
7ff1ddf54000-7ff1de154000 rw-p 00000000 00:00 0 
7ff1de154000-7ff1de155000 ---p 00000000 00:00 0 
7ff1de155000-7ff1de456000 rw-p 00000000 00:00 0 
7ff1de456000-7ff1de4ef000 r--p 00000000 fd:01 262182                     /usr/lib64/libstdc++.so.6.0.29
7ff1de4ef000-7ff1de5f1000 r-xp 00099000 fd:01 262182                     /usr/lib64/libstdc++.so.6.0.29
7ff1de5f1000-7ff1de664000 r--p 0019b000 fd:01 262182                     /usr/lib64/libstdc++.so.6.0.29
7ff1de664000-7ff1de671000 r--p 0020d000 fd:01 262182                     /usr/lib64/libstdc++.so.6.0.29
7ff1de671000-7ff1de672000 rw-p 0021a000 fd:01 262182                     /usr/lib64/libstdc++.so.6.0.29
7ff1de672000-7ff1de675000 rw-p 00000000 00:00 0 
7ff1de675000-7ff1de6c6000 r-xp 00000000 fd:03 2501085                    /home/limsean/.gradle/native/53dbd7edfb1c66fb8903c78663c9afc45aea4f116125fa6feffd364cf09443e8/linux-amd64/libnative-platform-file-events.so
7ff1de6c6000-7ff1de8c6000 ---p 00051000 fd:03 2501085                    /home/limsean/.gradle/native/53dbd7edfb1c66fb8903c78663c9afc45aea4f116125fa6feffd364cf09443e8/linux-amd64/libnative-platform-file-events.so
7ff1de8c6000-7ff1de8c7000 r--p 00051000 fd:03 2501085                    /home/limsean/.gradle/native/53dbd7edfb1c66fb8903c78663c9afc45aea4f116125fa6feffd364cf09443e8/linux-amd64/libnative-platform-file-events.so
7ff1de8c7000-7ff1de8c9000 rw-p 00052000 fd:03 2501085                    /home/limsean/.gradle/native/53dbd7edfb1c66fb8903c78663c9afc45aea4f116125fa6feffd364cf09443e8/linux-amd64/libnative-platform-file-events.so
7ff1de8c9000-7ff1de8ce000 r-xp 00000000 fd:03 2501081                    /home/limsean/.gradle/native/8bec1ad78214c89d9ad589b4d07fe93259594b29d510b10fafb7a158f7737e5d/linux-amd64/libnative-platform.so
7ff1de8ce000-7ff1deace000 ---p 00005000 fd:03 2501081                    /home/limsean/.gradle/native/8bec1ad78214c89d9ad589b4d07fe93259594b29d510b10fafb7a158f7737e5d/linux-amd64/libnative-platform.so
7ff1deace000-7ff1deacf000 r--p 00005000 fd:03 2501081                    /home/limsean/.gradle/native/8bec1ad78214c89d9ad589b4d07fe93259594b29d510b10fafb7a158f7737e5d/linux-amd64/libnative-platform.so
7ff1deacf000-7ff1dead0000 rw-p 00006000 fd:03 2501081                    /home/limsean/.gradle/native/8bec1ad78214c89d9ad589b4d07fe93259594b29d510b10fafb7a158f7737e5d/linux-amd64/libnative-platform.so
7ff1dead0000-7ff1ec000000 r--p 00000000 fd:01 262200                     /usr/lib/locale/locale-archive
7ff1ec000000-7ff1ec021000 rw-p 00000000 00:00 0 
7ff1ec021000-7ff1f0000000 ---p 00000000 00:00 0 
7ff1f0000000-7ff1f0021000 rw-p 00000000 00:00 0 
7ff1f0021000-7ff1f4000000 ---p 00000000 00:00 0 
7ff1f4000000-7ff1f4023000 rw-p 00000000 00:00 0 
7ff1f4023000-7ff1f8000000 ---p 00000000 00:00 0 
7ff1f8000000-7ff1f8329000 rw-p 00000000 00:00 0 
7ff1f8329000-7ff1fc000000 ---p 00000000 00:00 0 
7ff1fc000000-7ff1fc025000 rw-p 00000000 00:00 0 
7ff1fc025000-7ff200000000 ---p 00000000 00:00 0 
7ff20007d000-7ff200080000 r--p 00000000 fd:01 262194                     /usr/lib64/libgcc_s-11-20211203.so.1
7ff200080000-7ff200092000 r-xp 00003000 fd:01 262194                     /usr/lib64/libgcc_s-11-20211203.so.1
7ff200092000-7ff200095000 r--p 00015000 fd:01 262194                     /usr/lib64/libgcc_s-11-20211203.so.1
7ff200095000-7ff200096000 ---p 00018000 fd:01 262194                     /usr/lib64/libgcc_s-11-20211203.so.1
7ff200096000-7ff200097000 r--p 00018000 fd:01 262194                     /usr/lib64/libgcc_s-11-20211203.so.1
7ff200097000-7ff200098000 rw-p 00019000 fd:01 262194                     /usr/lib64/libgcc_s-11-20211203.so.1
7ff200098000-7ff2000c9000 rw-p 00000000 00:00 0 
7ff2000c9000-7ff2000dd000 r-xp 00000000 07:01 456                        /var/lib/snapd/snap/android-studio/115/android-studio/jre/lib/libnet.so
7ff2000dd000-7ff2002dc000 ---p 00014000 07:01 456                        /var/lib/snapd/snap/android-studio/115/android-studio/jre/lib/libnet.so
7ff2002dc000-7ff2002dd000 r--p 00013000 07:01 456                        /var/lib/snapd/snap/android-studio/115/android-studio/jre/lib/libnet.so
7ff2002dd000-7ff2002de000 rw-p 00014000 07:01 456                        /var/lib/snapd/snap/android-studio/115/android-studio/jre/lib/libnet.so
7ff2002de000-7ff2002ed000 r-xp 00000000 07:01 457                        /var/lib/snapd/snap/android-studio/115/android-studio/jre/lib/libnio.so
7ff2002ed000-7ff2004ec000 ---p 0000f000 07:01 457                        /var/lib/snapd/snap/android-studio/115/android-studio/jre/lib/libnio.so
7ff2004ec000-7ff2004ed000 r--p 0000e000 07:01 457                        /var/lib/snapd/snap/android-studio/115/android-studio/jre/lib/libnio.so
7ff2004ed000-7ff2004ee000 rw-p 0000f000 07:01 457                        /var/lib/snapd/snap/android-studio/115/android-studio/jre/lib/libnio.so
7ff2004ee000-7ff2004ef000 ---p 00000000 00:00 0 
7ff2004ef000-7ff2005f0000 rw-p 00000000 00:00 0 
7ff2005f0000-7ff2005f4000 ---p 00000000 00:00 0 
7ff2005f4000-7ff2006f0000 rw-p 00000000 00:00 0 
7ff2006f0000-7ff2006f4000 ---p 00000000 00:00 0 
7ff2006f4000-7ff2007f0000 rw-p 00000000 00:00 0 
7ff2007f0000-7ff2007f4000 ---p 00000000 00:00 0 
7ff2007f4000-7ff2008f0000 rw-p 00000000 00:00 0 
7ff2008f0000-7ff2008f4000 ---p 00000000 00:00 0 
7ff2008f4000-7ff2009f0000 rw-p 00000000 00:00 0 
7ff2009f0000-7ff2009f4000 ---p 00000000 00:00 0 
7ff2009f4000-7ff200af0000 rw-p 00000000 00:00 0 
7ff200af0000-7ff200af4000 ---p 00000000 00:00 0 
7ff200af4000-7ff200bf0000 rw-p 00000000 00:00 0 
7ff200bf0000-7ff200bf4000 ---p 00000000 00:00 0 
7ff200bf4000-7ff200cf0000 rw-p 00000000 00:00 0 
7ff200cf0000-7ff200cf4000 ---p 00000000 00:00 0 
7ff200cf4000-7ff200df0000 rw-p 00000000 00:00 0 
7ff200df0000-7ff200df1000 ---p 00000000 00:00 0 
7ff200df1000-7ff2017f6000 rw-p 00000000 00:00 0 
7ff2017f6000-7ff2017f7000 ---p 00000000 00:00 0 
7ff2017f7000-7ff2018f8000 rw-p 00000000 00:00 0 
7ff2018f8000-7ff2018f9000 ---p 00000000 00:00 0 
7ff2018f9000-7ff204000000 rw-p 00000000 00:00 0 
7ff204000000-7ff204025000 rw-p 00000000 00:00 0 
7ff204025000-7ff208000000 ---p 00000000 00:00 0 
7ff208000000-7ff2080a5000 rw-p 00000000 00:00 0 
7ff2080a5000-7ff20c000000 ---p 00000000 00:00 0 
7ff20c000000-7ff20c24c000 rw-p 00000000 00:00 0 
7ff20c24c000-7ff20e000000 ---p 00000000 00:00 0 
7ff20e000000-7ff20e24c000 rw-p 00000000 00:00 0 
7ff20e24c000-7ff210000000 ---p 00000000 00:00 0 
7ff210000000-7ff210021000 rw-p 00000000 00:00 0 
7ff210021000-7ff214000000 ---p 00000000 00:00 0 
7ff214027000-7ff214229000 rw-p 00000000 00:00 0 
7ff214229000-7ff21422a000 ---p 00000000 00:00 0 
7ff21422a000-7ff21432b000 rw-p 00000000 00:00 0 
7ff21432b000-7ff21432c000 ---p 00000000 00:00 0 
7ff21432c000-7ff214477000 rw-p 00000000 00:00 0 
7ff214477000-7ff21482d000 ---p 00000000 00:00 0 
7ff21482d000-7ff214877000 rw-p 00000000 00:00 0 
7ff214877000-7ff214c2d000 ---p 00000000 00:00 0 
7ff214c2d000-7ff214c77000 rw-p 00000000 00:00 0 
7ff214c77000-7ff21502d000 ---p 00000000 00:00 0 
7ff21502d000-7ff215532000 rw-p 00000000 00:00 0 
7ff215532000-7ff2157a2000 rwxp 00000000 00:00 0 
7ff2157a2000-7ff215ac3000 ---p 00000000 00:00 0 
7ff215ac3000-7ff217dc3000 rwxp 00000000 00:00 0 
7ff217dc3000-7ff21cffa000 ---p 00000000 00:00 0 
7ff21cffa000-7ff21d8aa000 rwxp 00000000 00:00 0 
7ff21d8aa000-7ff224532000 ---p 00000000 00:00 0 
7ff224532000-7ff228000000 r--s 00000000 07:01 467                        /var/lib/snapd/snap/android-studio/115/android-studio/jre/lib/modules
7ff228000000-7ff229473000 rw-p 00000000 00:00 0 
7ff229473000-7ff22c000000 ---p 00000000 00:00 0 
7ff22c005000-7ff22c3cf000 rw-p 00000000 00:00 0 
7ff22c3cf000-7ff22c3d0000 ---p 00000000 00:00 0 
7ff22c3d0000-7ff22c4e3000 rw-p 00000000 00:00 0 
7ff22c4e3000-7ff22c5bc000 ---p 00000000 00:00 0 
7ff22c5bc000-7ff22c602000 rw-p 00000000 00:00 0 
7ff22c602000-7ff22c6a7000 ---p 00000000 00:00 0 
7ff22c6a7000-7ff22c6ac000 rw-p 00000000 00:00 0 
7ff22c6ac000-7ff22c6b3000 ---p 00000000 00:00 0 
7ff22c6b3000-7ff22c6cf000 r-xp 00000000 07:01 466                        /var/lib/snapd/snap/android-studio/115/android-studio/jre/lib/libzip.so
7ff22c6cf000-7ff22c8ce000 ---p 0001c000 07:01 466                        /var/lib/snapd/snap/android-studio/115/android-studio/jre/lib/libzip.so
7ff22c8ce000-7ff22c8cf000 r--p 0001b000 07:01 466                        /var/lib/snapd/snap/android-studio/115/android-studio/jre/lib/libzip.so
7ff22c8cf000-7ff22c8d0000 rw-p 0001c000 07:01 466                        /var/lib/snapd/snap/android-studio/115/android-studio/jre/lib/libzip.so
7ff22c8d0000-7ff22c8ed000 r-xp 00000000 07:01 448                        /var/lib/snapd/snap/android-studio/115/android-studio/jre/lib/libjimage.so
7ff22c8ed000-7ff22caec000 ---p 0001d000 07:01 448                        /var/lib/snapd/snap/android-studio/115/android-studio/jre/lib/libjimage.so
7ff22caec000-7ff22caee000 r--p 0001c000 07:01 448                        /var/lib/snapd/snap/android-studio/115/android-studio/jre/lib/libjimage.so
7ff22caee000-7ff22caef000 rw-p 0001e000 07:01 448                        /var/lib/snapd/snap/android-studio/115/android-studio/jre/lib/libjimage.so
7ff22caef000-7ff22cb01000 rw-p 00000000 00:00 0 
7ff22cb01000-7ff22cb26000 r-xp 00000000 07:01 444                        /var/lib/snapd/snap/android-studio/115/android-studio/jre/lib/libjava.so
7ff22cb26000-7ff22cd26000 ---p 00025000 07:01 444                        /var/lib/snapd/snap/android-studio/115/android-studio/jre/lib/libjava.so
7ff22cd26000-7ff22cd27000 r--p 00025000 07:01 444                        /var/lib/snapd/snap/android-studio/115/android-studio/jre/lib/libjava.so
7ff22cd27000-7ff22cd28000 rw-p 00026000 07:01 444                        /var/lib/snapd/snap/android-studio/115/android-studio/jre/lib/libjava.so
7ff22cd28000-7ff22cd35000 r-xp 00000000 07:01 465                        /var/lib/snapd/snap/android-studio/115/android-studio/jre/lib/libverify.so
7ff22cd35000-7ff22cf35000 ---p 0000d000 07:01 465                        /var/lib/snapd/snap/android-studio/115/android-studio/jre/lib/libverify.so
7ff22cf35000-7ff22cf37000 r--p 0000d000 07:01 465                        /var/lib/snapd/snap/android-studio/115/android-studio/jre/lib/libverify.so
7ff22cf37000-7ff22cf38000 rw-p 0000f000 07:01 465                        /var/lib/snapd/snap/android-studio/115/android-studio/jre/lib/libverify.so
7ff22cf38000-7ff22cf39000 r--p 00000000 fd:01 268494                     /usr/lib64/librt.so.1
7ff22cf39000-7ff22cf3a000 r-xp 00001000 fd:01 268494                     /usr/lib64/librt.so.1
7ff22cf3a000-7ff22cf3b000 r--p 00002000 fd:01 268494                     /usr/lib64/librt.so.1
7ff22cf3b000-7ff22cf3c000 r--p 00002000 fd:01 268494                     /usr/lib64/librt.so.1
7ff22cf3c000-7ff22cf3d000 rw-p 00000000 00:00 0 
7ff22cf3d000-7ff22cf41000 ---p 00000000 00:00 0 
7ff22cf41000-7ff22d03d000 rw-p 00000000 00:00 0 
7ff22d03d000-7ff22d04c000 r--p 00000000 fd:01 268487                     /usr/lib64/libm.so.6
7ff22d04c000-7ff22d0bd000 r-xp 0000f000 fd:01 268487                     /usr/lib64/libm.so.6
7ff22d0bd000-7ff22d117000 r--p 00080000 fd:01 268487                     /usr/lib64/libm.so.6
7ff22d117000-7ff22d118000 r--p 000d9000 fd:01 268487                     /usr/lib64/libm.so.6
7ff22d118000-7ff22d119000 rw-p 000da000 fd:01 268487                     /usr/lib64/libm.so.6
7ff22d119000-7ff22e045000 r-xp 00000000 07:01 478                        /var/lib/snapd/snap/android-studio/115/android-studio/jre/lib/server/libjvm.so
7ff22e045000-7ff22e245000 ---p 00f2c000 07:01 478                        /var/lib/snapd/snap/android-studio/115/android-studio/jre/lib/server/libjvm.so
7ff22e245000-7ff22e309000 r--p 00f2c000 07:01 478                        /var/lib/snapd/snap/android-studio/115/android-studio/jre/lib/server/libjvm.so
7ff22e309000-7ff22e340000 rw-p 00ff0000 07:01 478                        /var/lib/snapd/snap/android-studio/115/android-studio/jre/lib/server/libjvm.so
7ff22e340000-7ff22e3aa000 rw-p 00000000 00:00 0 
7ff22e3aa000-7ff22e3d6000 r--p 00000000 fd:01 268482                     /usr/lib64/libc.so.6
7ff22e3d6000-7ff22e54c000 r-xp 0002c000 fd:01 268482                     /usr/lib64/libc.so.6
7ff22e54c000-7ff22e5a0000 r--p 001a2000 fd:01 268482                     /usr/lib64/libc.so.6
7ff22e5a0000-7ff22e5a1000 ---p 001f6000 fd:01 268482                     /usr/lib64/libc.so.6
7ff22e5a1000-7ff22e5a4000 r--p 001f6000 fd:01 268482                     /usr/lib64/libc.so.6
7ff22e5a4000-7ff22e5a7000 rw-p 001f9000 fd:01 268482                     /usr/lib64/libc.so.6
7ff22e5a7000-7ff22e5b4000 rw-p 00000000 00:00 0 
7ff22e5b4000-7ff22e5b5000 r--p 00000000 fd:01 268486                     /usr/lib64/libdl.so.2
7ff22e5b5000-7ff22e5b6000 r-xp 00001000 fd:01 268486                     /usr/lib64/libdl.so.2
7ff22e5b6000-7ff22e5b7000 r--p 00002000 fd:01 268486                     /usr/lib64/libdl.so.2
7ff22e5b7000-7ff22e5b8000 r--p 00002000 fd:01 268486                     /usr/lib64/libdl.so.2
7ff22e5b8000-7ff22e5b9000 rw-p 00000000 00:00 0 
7ff22e5b9000-7ff22e5cf000 r-xp 00000000 07:01 428                        /var/lib/snapd/snap/android-studio/115/android-studio/jre/lib/jli/libjli.so
7ff22e5cf000-7ff22e7ce000 ---p 00016000 07:01 428                        /var/lib/snapd/snap/android-studio/115/android-studio/jre/lib/jli/libjli.so
7ff22e7ce000-7ff22e7cf000 r--p 00015000 07:01 428                        /var/lib/snapd/snap/android-studio/115/android-studio/jre/lib/jli/libjli.so
7ff22e7cf000-7ff22e7d0000 rw-p 00016000 07:01 428                        /var/lib/snapd/snap/android-studio/115/android-studio/jre/lib/jli/libjli.so
7ff22e7d0000-7ff22e7d1000 r--p 00000000 fd:01 268492                     /usr/lib64/libpthread.so.0
7ff22e7d1000-7ff22e7d2000 r-xp 00001000 fd:01 268492                     /usr/lib64/libpthread.so.0
7ff22e7d2000-7ff22e7d3000 r--p 00002000 fd:01 268492                     /usr/lib64/libpthread.so.0
7ff22e7d3000-7ff22e7d4000 r--p 00002000 fd:01 268492                     /usr/lib64/libpthread.so.0
7ff22e7d4000-7ff22e7d5000 rw-p 00000000 00:00 0 
7ff22e7d8000-7ff22e7df000 r--s 00000000 fd:01 788518                     /usr/lib64/gconv/gconv-modules.cache
7ff22e7df000-7ff22e7e7000 rw-s 00000000 00:25 15952                      /tmp/hsperfdata_limsean/274092
7ff22e7e7000-7ff22e7e8000 ---p 00000000 00:00 0 
7ff22e7e8000-7ff22e7e9000 r--p 00000000 00:00 0 
7ff22e7e9000-7ff22e7eb000 rw-p 00000000 00:00 0 
7ff22e7eb000-7ff22e7ec000 r--p 00000000 fd:01 268477                     /usr/lib64/ld-linux-x86-64.so.2
7ff22e7ec000-7ff22e812000 r-xp 00001000 fd:01 268477                     /usr/lib64/ld-linux-x86-64.so.2
7ff22e812000-7ff22e81c000 r--p 00027000 fd:01 268477                     /usr/lib64/ld-linux-x86-64.so.2
7ff22e81c000-7ff22e81e000 r--p 00030000 fd:01 268477                     /usr/lib64/ld-linux-x86-64.so.2
7ff22e81e000-7ff22e820000 rw-p 00032000 fd:01 268477                     /usr/lib64/ld-linux-x86-64.so.2
7ffcc64d4000-7ffcc64f5000 rw-p 00000000 00:00 0                          [stack]
7ffcc65f5000-7ffcc65f9000 r--p 00000000 00:00 0                          [vvar]
7ffcc65f9000-7ffcc65fb000 r-xp 00000000 00:00 0                          [vdso]
ffffffffff600000-ffffffffff601000 r-xp 00000000 00:00 0                  [vsyscall]


VM Arguments:
jvm_args: --add-opens=java.base/java.util=ALL-UNNAMED --add-opens=java.base/java.lang=ALL-UNNAMED --add-opens=java.base/java.lang.invoke=ALL-UNNAMED --add-opens=java.base/java.util=ALL-UNNAMED --add-opens=java.prefs/java.util.prefs=ALL-UNNAMED --add-opens=java.prefs/java.util.prefs=ALL-UNNAMED --add-opens=java.base/java.nio.charset=ALL-UNNAMED --add-opens=java.base/java.net=ALL-UNNAMED --add-opens=java.base/java.util.concurrent.atomic=ALL-UNNAMED -Xmx2048m -Dfile.encoding=UTF-8 -Duser.country=US -Duser.language=en -Duser.variant 
java_command: org.gradle.launcher.daemon.bootstrap.GradleDaemon 7.0.2
java_class_path (initial): /home/limsean/.gradle/wrapper/dists/gradle-7.0.2-bin/857tjihv64xamwrf0h14cai3r/gradle-7.0.2/lib/gradle-launcher-7.0.2.jar
Launcher Type: SUN_STANDARD

[Global flags]
     intx CICompilerCount                          = 4                                         {product} {ergonomic}
     uint ConcGCThreads                            = 2                                         {product} {ergonomic}
     uint G1ConcRefinementThreads                  = 8                                         {product} {ergonomic}
   size_t G1HeapRegionSize                         = 1048576                                   {product} {ergonomic}
    uintx GCDrainStackTargetSize                   = 64                                        {product} {ergonomic}
   size_t InitialHeapSize                          = 127926272                                 {product} {ergonomic}
   size_t MarkStackSize                            = 4194304                                   {product} {ergonomic}
   size_t MaxHeapSize                              = 2147483648                                {product} {command line}
   size_t MaxNewSize                               = 1287651328                                {product} {ergonomic}
   size_t MinHeapDeltaBytes                        = 1048576                                   {product} {ergonomic}
    uintx NonNMethodCodeHeapSize                   = 5836300                                {pd product} {ergonomic}
    uintx NonProfiledCodeHeapSize                  = 122910970                              {pd product} {ergonomic}
    uintx ProfiledCodeHeapSize                     = 122910970                              {pd product} {ergonomic}
    uintx ReservedCodeCacheSize                    = 251658240                              {pd product} {ergonomic}
     bool SegmentedCodeCache                       = true                                      {product} {ergonomic}
     bool UseCompressedClassPointers               = true                                 {lp64_product} {ergonomic}
     bool UseCompressedOops                        = true                                 {lp64_product} {ergonomic}
     bool UseG1GC                                  = true                                      {product} {ergonomic}

Logging:
Log output configuration:
 #0: stdout all=warning uptime,level,tags
 #1: stderr all=off uptime,level,tags

Environment Variables:
PATH=/home/limsean/Desktop/anaconda3/condabin:/home/limsean/.local/bin:/home/limsean/bin:/usr/local/bin:/usr/local/sbin:/usr/bin:/usr/sbin:/var/lib/snapd/snap/bin:/home/limsean/.dotnet/tools:/opt/mssql/bin:/opt/mssql-tools/bin:/home/limsean/Scripts
USERNAME=limsean
SHELL=/bin/bash
DISPLAY=:0
LANG=en_US.UTF-8

Signal Handlers:
SIGSEGV: [libjvm.so+0xc2dd80], sa_mask[0]=11111111011111111101111111111110, sa_flags=SA_RESTART|SA_SIGINFO
SIGBUS: [libjvm.so+0xc2dd80], sa_mask[0]=11111111011111111101111111111110, sa_flags=SA_RESTART|SA_SIGINFO
SIGFPE: [libjvm.so+0xc2dd80], sa_mask[0]=11111111011111111101111111111110, sa_flags=SA_RESTART|SA_SIGINFO
SIGPIPE: [libjvm.so+0xa839f0], sa_mask[0]=11111111011111111101111111111110, sa_flags=SA_RESTART|SA_SIGINFO
SIGXFSZ: [libjvm.so+0xa839f0], sa_mask[0]=11111111011111111101111111111110, sa_flags=SA_RESTART|SA_SIGINFO
SIGILL: [libjvm.so+0xc2dd80], sa_mask[0]=11111111011111111101111111111110, sa_flags=SA_RESTART|SA_SIGINFO
SIGUSR2: [libjvm.so+0xa840d0], sa_mask[0]=00100000000000000000000000000000, sa_flags=SA_RESTART|SA_SIGINFO
SIGHUP: [libjvm.so+0xa80ac0], sa_mask[0]=11111111011111111101111111111110, sa_flags=SA_RESTART|SA_SIGINFO
SIGINT: [libjvm.so+0xa80ac0], sa_mask[0]=11111111011111111101111111111110, sa_flags=SA_RESTART|SA_SIGINFO
SIGTERM: [libjvm.so+0xa80ac0], sa_mask[0]=11111111011111111101111111111110, sa_flags=SA_RESTART|SA_SIGINFO
SIGQUIT: [libjvm.so+0xa80ac0], sa_mask[0]=11111111011111111101111111111110, sa_flags=SA_RESTART|SA_SIGINFO


---------------  S Y S T E M  ---------------

OS:Fedora release 35 (Thirty Five)
uname:Linux 5.15.12-200.fc35.x86_64 #1 SMP Wed Dec 29 15:03:38 UTC 2021 x86_64
OS uptime: 4 days 22:41 hours
libc:glibc 2.34 NPTL 2.34 
rlimit (soft/hard): STACK 8192k/infinity , CORE infinity/infinity , NPROC 30767/30767 , NOFILE 524288/524288 , AS infinity/infinity , CPU infinity/infinity , DATA infinity/infinity , FSIZE infinity/infinity , MEMLOCK 64k/64k
load average:6.80 7.44 5.35

/proc/meminfo:
MemTotal:        7920748 kB
MemFree:          167700 kB
MemAvailable:     412748 kB
Buffers:           11356 kB
Cached:          1665640 kB
SwapCached:        38912 kB
Active:          1644460 kB
Inactive:        2935820 kB
Active(anon):    1507860 kB
Inactive(anon):  2703124 kB
Active(file):     136600 kB
Inactive(file):   232696 kB
Unevictable:       36384 kB
Mlocked:            5668 kB
SwapTotal:      15989752 kB
SwapFree:        7144228 kB
Dirty:              8344 kB
Writeback:             0 kB
AnonPages:       2913492 kB
Mapped:           187880 kB
Shmem:           1302544 kB
KReclaimable:     186032 kB
Slab:             404692 kB
SReclaimable:     186032 kB
SUnreclaim:       218660 kB
KernelStack:       25376 kB
PageTables:        75964 kB
NFS_Unstable:          0 kB
Bounce:                0 kB
WritebackTmp:          0 kB
CommitLimit:    19950124 kB
Committed_AS:   21251544 kB
VmallocTotal:   34359738367 kB
VmallocUsed:       94672 kB
VmallocChunk:          0 kB
Percpu:            12544 kB
HardwareCorrupted:     0 kB
AnonHugePages:         0 kB
ShmemHugePages:        0 kB
ShmemPmdMapped:        0 kB
FileHugePages:         0 kB
FilePmdMapped:         0 kB
CmaTotal:              0 kB
CmaFree:               0 kB
HugePages_Total:       0
HugePages_Free:        0
HugePages_Rsvd:        0
HugePages_Surp:        0
Hugepagesize:       2048 kB
Hugetlb:               0 kB
DirectMap4k:     1347200 kB
DirectMap2M:     6832128 kB
DirectMap1G:     1048576 kB

/sys/kernel/mm/transparent_hugepage/enabled:
always [madvise] never
/sys/kernel/mm/transparent_hugepage/defrag (defrag/compaction efforts parameter):
always defer defer+madvise [madvise] never

/proc/sys/kernel/threads-max (system-wide limit on the number of threads):
61535
/proc/sys/vm/max_map_count (maximum number of memory map areas a process may have):
65530
/proc/sys/kernel/pid_max (system-wide limit on number of process identifiers):
4194304

Steal ticks since vm start: 0
Steal ticks percentage since vm start:  0.000

CPU:total 8 (initial active 8) (4 cores per cpu, 2 threads per core) family 6 model 126 stepping 5 microcode 0xa6, cmov, cx8, fxsr, mmx, sse, sse2, sse3, ssse3, sse4.1, sse4.2, popcnt, avx, avx2, aes, clmul, erms, 3dnowpref, lzcnt, ht, tsc, tscinvbit, bmi1, bmi2, adx, evex, sha, fma
CPU Model and flags from /proc/cpuinfo:
model name	: Intel(R) Core(TM) i5-1035G1 CPU @ 1.00GHz
flags		: fpu vme de pse tsc msr pae mce cx8 apic sep mtrr pge mca cmov pat pse36 clflush dts acpi mmx fxsr sse sse2 ss ht tm pbe syscall nx pdpe1gb rdtscp lm constant_tsc art arch_perfmon pebs bts rep_good nopl xtopology nonstop_tsc cpuid aperfmperf tsc_known_freq pni pclmulqdq dtes64 monitor ds_cpl vmx est tm2 ssse3 sdbg fma cx16 xtpr pdcm pcid sse4_1 sse4_2 x2apic movbe popcnt tsc_deadline_timer aes xsave avx f16c rdrand lahf_lm abm 3dnowprefetch cpuid_fault epb invpcid_single ssbd ibrs ibpb stibp ibrs_enhanced tpr_shadow vnmi flexpriority ept vpid ept_ad fsgsbase tsc_adjust bmi1 avx2 smep bmi2 erms invpcid avx512f avx512dq rdseed adx smap avx512ifma clflushopt intel_pt avx512cd sha_ni avx512bw avx512vl xsaveopt xsavec xgetbv1 xsaves split_lock_detect dtherm ida arat pln pts hwp hwp_notify hwp_act_window hwp_epp hwp_pkg_req avx512vbmi umip pku ospke avx512_vbmi2 gfni vaes vpclmulqdq avx512_vnni avx512_bitalg avx512_vpopcntdq rdpid fsrm md_clear flush_l1d arch_capabilities
Online cpus:
0-7
Offline cpus:

BIOS frequency limitation:
<Not Available>
Frequency switch latency (ns):
0
Available cpu frequencies:
<Not Available>
Current governor:
powersave
Core performance/turbo boost:
<Not Available>

Memory: 4k page, physical 7920748k(166188k free), swap 15989752k(7144228k free)

vm_info: OpenJDK 64-Bit Server VM (11.0.10+0-b96-7249189) for linux-amd64 JRE (11.0.10+0-b96-7249189), built on Mar 31 2021 19:21:57 by "androidbuild" with gcc Android (6875598, based on r399163b) Clang 11.0.5 (https://android.googlesource.com/toolchain/llvm-project 87f1315dfbea7c137aa2e6d362dbb457e388158d)

END.
